<?xml version="1.0" encoding="UTF-8"?>
<testsuites name="TS_DemoEPD" time="31" tests="0" failures="1" errors="0">
   <testsuite name="TS_DemoEPD" tests="0" failures="1" errors="0" time="31" timestamp="2018-03-15 21:35:42" hostname="mslin - menLap" id="Test Suites/TS_DemoEPD">
      <properties>
         <property name="deviceName" value=""/>
         <property name="devicePlatform" value=""/>
         <property name="logFolder" value="C:\\Users\\mslin\\katalonstudio\\sampleWeb\\Reports\\TS_DemoEPD\\20180315_213535"/>
         <property name="logFiles" value="C:\\Users\\mslin\\katalonstudio\\sampleWeb\\Reports\\TS_DemoEPD\\20180315_213535\\execution0.log"/>
         <property name="attachments" value=""/>
         <property name="hostName" value="mslin - menLap"/>
         <property name="os" value="Windows 10 64bit"/>
         <property name="katalonVersion" value="5.3.0.1"/>
         <property name="browser" value="Chrome 65.0.3325.162"/>
         <property name="hostAddress" value="192.168.99.1"/>
         <property name="sessionId" value="1eba51d042ffd22203863feb8048e51f"/>
         <property name="seleniumVersion" value="3.7.1"/>
         <property name="proxyInformation" value="ProxyInformation{proxyOption=NO_PROXY, proxyServerType=HTTP, password=, proxyServerAddress=, proxyServerPort=0}"/>
         <property name="platform" value="Windows 10"/>
      </properties>
      <testcase name="Test Cases/EPD/Test Cases/TC_MaakPatientAan_ControleerPatient_VoegBehandelingToe_VerwijderPatient" classname="Test Cases/EPD/Test Cases/TC_MaakPatientAan_ControleerPatient_VoegBehandelingToe_VerwijderPatient" status="FAILED">
         <failure type="FAILED" message="Unable to verify object 'Object Repository/Page_EPD online (1)/td_Knie operatie' is present (Root cause: org.openqa.selenium.UnhandledAlertException: unexpected alert open: {Alert text : Are you sure?}
  (Session info: chrome=65.0.3325.162)
  (Driver info: chromedriver=2.35.528161 (5b82f2d2aae0ca24b877009200ced9065a772e73),platform=Windows NT 10.0.16299 x86_64) (WARNING: The server did not provide any stacktrace information)
Command duration or timeout: 0 milliseconds: null
Build info: version: '3.7.1', revision: '8a0099a', time: '2017-11-06T21:07:36.161Z'
System info: host: 'MENLAP', ip: '192.168.99.1', os.name: 'Windows 10', os.arch: 'amd64', os.version: '10.0', java.version: '1.8.0_102'
Driver info: com.kms.katalon.selenium.driver.CChromeDriver
Capabilities {acceptInsecureCerts: false, acceptSslCerts: false, applicationCacheEnabled: false, browserConnectionEnabled: false, browserName: chrome, chrome: {chromedriverVersion: 2.35.528161 (5b82f2d2aae0ca..., userDataDir: C:\Users\mslin\AppData\Loca...}, cssSelectorsEnabled: true, databaseEnabled: false, handlesAlerts: true, hasTouchScreen: false, javascriptEnabled: true, locationContextEnabled: true, mobileEmulationEnabled: false, nativeEvents: true, networkConnectionEnabled: false, pageLoadStrategy: normal, platform: XP, platformName: XP, rotatable: false, setWindowRect: true, takesHeapSnapshot: true, takesScreenshot: true, unexpectedAlertBehaviour: , unhandledPromptBehavior: , version: 65.0.3325.162, webStorageEnabled: true}
Session ID: 1eba51d042ffd22203863feb8048e51f
*** Element info: {Using=xpath, value=//td[(text() = 'Knie operatie' or . = 'Knie operatie')]})"/>
         <system-out><![CDATA[2018-03-15 21:35:42 - [TEST_CASE][FAILED] - Test Cases/EPD/Test Cases/TC_MaakPatientAan_ControleerPatient_VoegBehandelingToe_VerwijderPatient: Test Cases/EPD/Test Cases/TC_MaakPatientAan_ControleerPatient_VoegBehandelingToe_VerwijderPatient FAILED because (of) Unable to verify object 'Object Repository/Page_EPD online (1)/td_Knie operatie' is present (Root cause: org.openqa.selenium.UnhandledAlertException: unexpected alert open: {Alert text : Are you sure?}
  (Session info: chrome=65.0.3325.162)
  (Driver info: chromedriver=2.35.528161 (5b82f2d2aae0ca24b877009200ced9065a772e73),platform=Windows NT 10.0.16299 x86_64) (WARNING: The server did not provide any stacktrace information)
Command duration or timeout: 0 milliseconds: null
Build info: version: '3.7.1', revision: '8a0099a', time: '2017-11-06T21:07:36.161Z'
System info: host: 'MENLAP', ip: '192.168.99.1', os.name: 'Windows 10', os.arch: 'amd64', os.version: '10.0', java.version: '1.8.0_102'
Driver info: com.kms.katalon.selenium.driver.CChromeDriver
Capabilities {acceptInsecureCerts: false, acceptSslCerts: false, applicationCacheEnabled: false, browserConnectionEnabled: false, browserName: chrome, chrome: {chromedriverVersion: 2.35.528161 (5b82f2d2aae0ca..., userDataDir: C:\Users\mslin\AppData\Loca...}, cssSelectorsEnabled: true, databaseEnabled: false, handlesAlerts: true, hasTouchScreen: false, javascriptEnabled: true, locationContextEnabled: true, mobileEmulationEnabled: false, nativeEvents: true, networkConnectionEnabled: false, pageLoadStrategy: normal, platform: XP, platformName: XP, rotatable: false, setWindowRect: true, takesHeapSnapshot: true, takesScreenshot: true, unexpectedAlertBehaviour: , unhandledPromptBehavior: , version: 65.0.3325.162, webStorageEnabled: true}
Session ID: 1eba51d042ffd22203863feb8048e51f
*** Element info: {Using=xpath, value=//td[(text() = 'Knie operatie' or . = 'Knie operatie')]})

2018-03-15 21:35:42 - [TEST_STEP][PASSED] - callTestCase: Call Test Case 'Test Cases/EPD/Components/Rest/MaakPatientAanVoorZiekenhuisA' successfully

2018-03-15 21:35:43 - [TEST_CASE][PASSED] - Test Cases/EPD/Components/Rest/MaakPatientAanVoorZiekenhuisA: Test Cases/EPD/Components/Rest/MaakPatientAanVoorZiekenhuisA

2018-03-15 21:35:43 - [TEST_STEP][PASSED] - Statement - response = com.kms.katalon.core.webservice.keyword.WSBuiltInKeywords.sendRequest(com.kms.katalon.core.testobject.ObjectRepository.findTestObject(Rest_EPD/REST_postPatientDeTesterForHospitalA)): Send request successfully

2018-03-15 21:35:44 - [MESSAGE][PASSED] - Send request successfully

2018-03-15 21:35:44 - [TEST_STEP][PASSED] - Statement - println(response): null

2018-03-15 21:35:44 - [MESSAGE][PASSED] - Call Test Case 'Test Cases/EPD/Components/Rest/MaakPatientAanVoorZiekenhuisA' successfully

2018-03-15 21:35:44 - [TEST_STEP][PASSED] - callTestCase: Call Test Case 'Test Cases/EPD/Components/UI/StartBrowser' successfully

2018-03-15 21:35:44 - [TEST_CASE][PASSED] - Test Cases/EPD/Components/UI/StartBrowser: Test Cases/EPD/Components/UI/StartBrowser

2018-03-15 21:35:44 - [TEST_STEP][PASSED] - openBrowser: Browser is opened with url: 'https://epdonline.herokuapp.com/'

2018-03-15 21:35:47 - [MESSAGE][PASSED] - Browser is opened with url: 'https://epdonline.herokuapp.com/'

2018-03-15 21:35:47 - [MESSAGE][PASSED] - Call Test Case 'Test Cases/EPD/Components/UI/StartBrowser' successfully

2018-03-15 21:35:47 - [TEST_STEP][PASSED] - click: Object: 'Object Repository/Page_EPD online/a_Open EPD' is clicked on

2018-03-15 21:35:47 - [MESSAGE][PASSED] - Object: 'Object Repository/Page_EPD online/a_Open EPD' is clicked on

2018-03-15 21:35:47 - [TEST_STEP][PASSED] - click: Object: 'Object Repository/Page_EPD online/a_Overzicht patienten' is clicked on

2018-03-15 21:35:48 - [MESSAGE][PASSED] - Object: 'Object Repository/Page_EPD online/a_Overzicht patienten' is clicked on

2018-03-15 21:35:48 - [TEST_STEP][PASSED] - callTestCase: Call Test Case 'Test Cases/EPD/Components/UI/VerifieerPatient' successfully

2018-03-15 21:35:48 - [TEST_CASE][PASSED] - Test Cases/EPD/Components/UI/VerifieerPatient: Test Cases/EPD/Components/UI/VerifieerPatient

2018-03-15 21:35:48 - [TEST_STEP][PASSED] - verifyTextPresent: Text 'de Tester' is present on page 

2018-03-15 21:35:48 - [MESSAGE][PASSED] - Text 'de Tester' is present on page 

2018-03-15 21:35:48 - [MESSAGE][PASSED] - Call Test Case 'Test Cases/EPD/Components/UI/VerifieerPatient' successfully

2018-03-15 21:35:48 - [TEST_STEP][PASSED] - click: Object: 'Object Repository/Page_EPD online (1)/a_Details' is clicked on

2018-03-15 21:35:48 - [MESSAGE][PASSED] - Object: 'Object Repository/Page_EPD online (1)/a_Details' is clicked on

2018-03-15 21:35:48 - [TEST_STEP][PASSED] - click: Object: 'Object Repository/Page_EPD online (1)/a_Behandeling toevoegen' is clicked on

2018-03-15 21:35:49 - [MESSAGE][PASSED] - Object: 'Object Repository/Page_EPD online (1)/a_Behandeling toevoegen' is clicked on

2018-03-15 21:35:49 - [TEST_STEP][PASSED] - callTestCase: Call Test Case 'Test Cases/EPD/Components/UI/VoegBehandelingToe' successfully

2018-03-15 21:35:49 - [TEST_CASE][PASSED] - Test Cases/EPD/Components/UI/VoegBehandelingToe: Test Cases/EPD/Components/UI/VoegBehandelingToe

2018-03-15 21:35:49 - [TEST_STEP][PASSED] - selectOptionByValue: All options with value '18' are selected in object 'Object Repository/Page_EPD online (1)/select_12345678910111213141516'  using regular expression

2018-03-15 21:35:50 - [MESSAGE][PASSED] - All options with value '18' are selected in object 'Object Repository/Page_EPD online (1)/select_12345678910111213141516'  using regular expression

2018-03-15 21:35:50 - [TEST_STEP][PASSED] - selectOptionByValue: All options with value '6' are selected in object 'Object Repository/Page_EPD online (1)/select_JanuaryFebruaryMarchApr'  using regular expression

2018-03-15 21:35:50 - [MESSAGE][PASSED] - All options with value '6' are selected in object 'Object Repository/Page_EPD online (1)/select_JanuaryFebruaryMarchApr'  using regular expression

2018-03-15 21:35:50 - [TEST_STEP][PASSED] - selectOptionByValue: All options with value '2020' are selected in object 'Object Repository/Page_EPD online (1)/select_20162017201820192020202'  using regular expression

2018-03-15 21:35:50 - [MESSAGE][PASSED] - All options with value '2020' are selected in object 'Object Repository/Page_EPD online (1)/select_20162017201820192020202'  using regular expression

2018-03-15 21:35:50 - [TEST_STEP][PASSED] - selectOptionByValue: All options with value 'Opname' are selected in object 'Object Repository/Page_EPD online (1)/select_PoliklinischOpname'  using regular expression

2018-03-15 21:35:50 - [MESSAGE][PASSED] - All options with value 'Opname' are selected in object 'Object Repository/Page_EPD online (1)/select_PoliklinischOpname'  using regular expression

2018-03-15 21:35:50 - [TEST_STEP][PASSED] - setText: Text 'Dokter anders' is set on object 'Object Repository/Page_EPD online (1)/input_treatmenttreated_by'

2018-03-15 21:35:50 - [MESSAGE][PASSED] - Text 'Dokter anders' is set on object 'Object Repository/Page_EPD online (1)/input_treatmenttreated_by'

2018-03-15 21:35:50 - [TEST_STEP][PASSED] - setText: Text 'Pijn aan voet' is set on object 'Object Repository/Page_EPD online (1)/input_treatmentname'

2018-03-15 21:35:51 - [MESSAGE][PASSED] - Text 'Pijn aan voet' is set on object 'Object Repository/Page_EPD online (1)/input_treatmentname'

2018-03-15 21:35:51 - [TEST_STEP][PASSED] - selectOptionByValue: All options with value 'Chirurgie' are selected in object 'Object Repository/Page_EPD online (1)/select_RadiologieChirurgieCard'  using regular expression

2018-03-15 21:35:51 - [MESSAGE][PASSED] - All options with value 'Chirurgie' are selected in object 'Object Repository/Page_EPD online (1)/select_RadiologieChirurgieCard'  using regular expression

2018-03-15 21:35:51 - [TEST_STEP][PASSED] - selectOptionByValue: All options with value 'Normaal' are selected in object 'Object Repository/Page_EPD online (1)/select_LaagNormaalSpoed'  using regular expression

2018-03-15 21:35:51 - [MESSAGE][PASSED] - All options with value 'Normaal' are selected in object 'Object Repository/Page_EPD online (1)/select_LaagNormaalSpoed'  using regular expression

2018-03-15 21:35:51 - [MESSAGE][PASSED] - Call Test Case 'Test Cases/EPD/Components/UI/VoegBehandelingToe' successfully

2018-03-15 21:35:51 - [TEST_STEP][PASSED] - click: Object: 'Object Repository/Page_EPD online (1)/input_commit' is clicked on

2018-03-15 21:35:51 - [MESSAGE][PASSED] - Object: 'Object Repository/Page_EPD online (1)/input_commit' is clicked on

2018-03-15 21:35:51 - [TEST_STEP][FAILED] - verifyElementPresent: Unable to verify object 'Object Repository/Page_EPD online (1)/td_Knie operatie' is present (Root cause: org.openqa.selenium.UnhandledAlertException: unexpected alert open: {Alert text : Are you sure?}
  (Session info: chrome=65.0.3325.162)
  (Driver info: chromedriver=2.35.528161 (5b82f2d2aae0ca24b877009200ced9065a772e73),platform=Windows NT 10.0.16299 x86_64) (WARNING: The server did not provide any stacktrace information)
Command duration or timeout: 0 milliseconds: null
Build info: version: '3.7.1', revision: '8a0099a', time: '2017-11-06T21:07:36.161Z'
System info: host: 'MENLAP', ip: '192.168.99.1', os.name: 'Windows 10', os.arch: 'amd64', os.version: '10.0', java.version: '1.8.0_102'
Driver info: com.kms.katalon.selenium.driver.CChromeDriver
Capabilities {acceptInsecureCerts: false, acceptSslCerts: false, applicationCacheEnabled: false, browserConnectionEnabled: false, browserName: chrome, chrome: {chromedriverVersion: 2.35.528161 (5b82f2d2aae0ca..., userDataDir: C:\Users\mslin\AppData\Loca...}, cssSelectorsEnabled: true, databaseEnabled: false, handlesAlerts: true, hasTouchScreen: false, javascriptEnabled: true, locationContextEnabled: true, mobileEmulationEnabled: false, nativeEvents: true, networkConnectionEnabled: false, pageLoadStrategy: normal, platform: XP, platformName: XP, rotatable: false, setWindowRect: true, takesHeapSnapshot: true, takesScreenshot: true, unexpectedAlertBehaviour: , unhandledPromptBehavior: , version: 65.0.3325.162, webStorageEnabled: true}
Session ID: 1eba51d042ffd22203863feb8048e51f
*** Element info: {Using=xpath, value=//td[(text() = 'Knie operatie' or . = 'Knie operatie')]})

2018-03-15 21:35:51 - [MESSAGE][WARNING] - Timeout '0' is invalid. Using default page load timeout: '30'

2018-03-15 21:36:12 - [MESSAGE][WARNING] - Cannot take screenshot

2018-03-15 21:36:12 - [MESSAGE][FAILED] - Unable to verify object 'Object Repository/Page_EPD online (1)/td_Knie operatie' is present (Root cause: org.openqa.selenium.UnhandledAlertException: unexpected alert open: {Alert text : Are you sure?}
  (Session info: chrome=65.0.3325.162)
  (Driver info: chromedriver=2.35.528161 (5b82f2d2aae0ca24b877009200ced9065a772e73),platform=Windows NT 10.0.16299 x86_64) (WARNING: The server did not provide any stacktrace information)
Command duration or timeout: 0 milliseconds: null
Build info: version: '3.7.1', revision: '8a0099a', time: '2017-11-06T21:07:36.161Z'
System info: host: 'MENLAP', ip: '192.168.99.1', os.name: 'Windows 10', os.arch: 'amd64', os.version: '10.0', java.version: '1.8.0_102'
Driver info: com.kms.katalon.selenium.driver.CChromeDriver
Capabilities {acceptInsecureCerts: false, acceptSslCerts: false, applicationCacheEnabled: false, browserConnectionEnabled: false, browserName: chrome, chrome: {chromedriverVersion: 2.35.528161 (5b82f2d2aae0ca..., userDataDir: C:\Users\mslin\AppData\Loca...}, cssSelectorsEnabled: true, databaseEnabled: false, handlesAlerts: true, hasTouchScreen: false, javascriptEnabled: true, locationContextEnabled: true, mobileEmulationEnabled: false, nativeEvents: true, networkConnectionEnabled: false, pageLoadStrategy: normal, platform: XP, platformName: XP, rotatable: false, setWindowRect: true, takesHeapSnapshot: true, takesScreenshot: true, unexpectedAlertBehaviour: , unhandledPromptBehavior: , version: 65.0.3325.162, webStorageEnabled: true}
Session ID: 1eba51d042ffd22203863feb8048e51f
*** Element info: {Using=xpath, value=//td[(text() = 'Knie operatie' or . = 'Knie operatie')]})]]></system-out>
         <system-err><![CDATA[2018-03-15 21:35:42 - [TEST_CASE][FAILED] - Test Cases/EPD/Test Cases/TC_MaakPatientAan_ControleerPatient_VoegBehandelingToe_VerwijderPatient: Test Cases/EPD/Test Cases/TC_MaakPatientAan_ControleerPatient_VoegBehandelingToe_VerwijderPatient FAILED because (of) Unable to verify object 'Object Repository/Page_EPD online (1)/td_Knie operatie' is present (Root cause: org.openqa.selenium.UnhandledAlertException: unexpected alert open: {Alert text : Are you sure?}
  (Session info: chrome=65.0.3325.162)
  (Driver info: chromedriver=2.35.528161 (5b82f2d2aae0ca24b877009200ced9065a772e73),platform=Windows NT 10.0.16299 x86_64) (WARNING: The server did not provide any stacktrace information)
Command duration or timeout: 0 milliseconds: null
Build info: version: '3.7.1', revision: '8a0099a', time: '2017-11-06T21:07:36.161Z'
System info: host: 'MENLAP', ip: '192.168.99.1', os.name: 'Windows 10', os.arch: 'amd64', os.version: '10.0', java.version: '1.8.0_102'
Driver info: com.kms.katalon.selenium.driver.CChromeDriver
Capabilities {acceptInsecureCerts: false, acceptSslCerts: false, applicationCacheEnabled: false, browserConnectionEnabled: false, browserName: chrome, chrome: {chromedriverVersion: 2.35.528161 (5b82f2d2aae0ca..., userDataDir: C:\Users\mslin\AppData\Loca...}, cssSelectorsEnabled: true, databaseEnabled: false, handlesAlerts: true, hasTouchScreen: false, javascriptEnabled: true, locationContextEnabled: true, mobileEmulationEnabled: false, nativeEvents: true, networkConnectionEnabled: false, pageLoadStrategy: normal, platform: XP, platformName: XP, rotatable: false, setWindowRect: true, takesHeapSnapshot: true, takesScreenshot: true, unexpectedAlertBehaviour: , unhandledPromptBehavior: , version: 65.0.3325.162, webStorageEnabled: true}
Session ID: 1eba51d042ffd22203863feb8048e51f
*** Element info: {Using=xpath, value=//td[(text() = 'Knie operatie' or . = 'Knie operatie')]})]]></system-err>
      </testcase>
      <system-out><![CDATA[2018-03-15 21:35:42 - [TEST_SUITE][FAILED] - TS_DemoEPD: Test Cases/EPD/Test Cases/TC_MaakPatientAan_ControleerPatient_VoegBehandelingToe_VerwijderPatient FAILED because (of) Unable to verify object 'Object Repository/Page_EPD online (1)/td_Knie operatie' is present (Root cause: org.openqa.selenium.UnhandledAlertException: unexpected alert open: {Alert text : Are you sure?}
  (Session info: chrome=65.0.3325.162)
  (Driver info: chromedriver=2.35.528161 (5b82f2d2aae0ca24b877009200ced9065a772e73),platform=Windows NT 10.0.16299 x86_64) (WARNING: The server did not provide any stacktrace information)
Command duration or timeout: 0 milliseconds: null
Build info: version: '3.7.1', revision: '8a0099a', time: '2017-11-06T21:07:36.161Z'
System info: host: 'MENLAP', ip: '192.168.99.1', os.name: 'Windows 10', os.arch: 'amd64', os.version: '10.0', java.version: '1.8.0_102'
Driver info: com.kms.katalon.selenium.driver.CChromeDriver
Capabilities {acceptInsecureCerts: false, acceptSslCerts: false, applicationCacheEnabled: false, browserConnectionEnabled: false, browserName: chrome, chrome: {chromedriverVersion: 2.35.528161 (5b82f2d2aae0ca..., userDataDir: C:\Users\mslin\AppData\Loca...}, cssSelectorsEnabled: true, databaseEnabled: false, handlesAlerts: true, hasTouchScreen: false, javascriptEnabled: true, locationContextEnabled: true, mobileEmulationEnabled: false, nativeEvents: true, networkConnectionEnabled: false, pageLoadStrategy: normal, platform: XP, platformName: XP, rotatable: false, setWindowRect: true, takesHeapSnapshot: true, takesScreenshot: true, unexpectedAlertBehaviour: , unhandledPromptBehavior: , version: 65.0.3325.162, webStorageEnabled: true}
Session ID: 1eba51d042ffd22203863feb8048e51f
*** Element info: {Using=xpath, value=//td[(text() = 'Knie operatie' or . = 'Knie operatie')]})]]></system-out>
      <system-err><![CDATA[2018-03-15 21:35:42 - [TEST_SUITE][FAILED] - TS_DemoEPD: Test Cases/EPD/Test Cases/TC_MaakPatientAan_ControleerPatient_VoegBehandelingToe_VerwijderPatient FAILED because (of) Unable to verify object 'Object Repository/Page_EPD online (1)/td_Knie operatie' is present (Root cause: org.openqa.selenium.UnhandledAlertException: unexpected alert open: {Alert text : Are you sure?}
  (Session info: chrome=65.0.3325.162)
  (Driver info: chromedriver=2.35.528161 (5b82f2d2aae0ca24b877009200ced9065a772e73),platform=Windows NT 10.0.16299 x86_64) (WARNING: The server did not provide any stacktrace information)
Command duration or timeout: 0 milliseconds: null
Build info: version: '3.7.1', revision: '8a0099a', time: '2017-11-06T21:07:36.161Z'
System info: host: 'MENLAP', ip: '192.168.99.1', os.name: 'Windows 10', os.arch: 'amd64', os.version: '10.0', java.version: '1.8.0_102'
Driver info: com.kms.katalon.selenium.driver.CChromeDriver
Capabilities {acceptInsecureCerts: false, acceptSslCerts: false, applicationCacheEnabled: false, browserConnectionEnabled: false, browserName: chrome, chrome: {chromedriverVersion: 2.35.528161 (5b82f2d2aae0ca..., userDataDir: C:\Users\mslin\AppData\Loca...}, cssSelectorsEnabled: true, databaseEnabled: false, handlesAlerts: true, hasTouchScreen: false, javascriptEnabled: true, locationContextEnabled: true, mobileEmulationEnabled: false, nativeEvents: true, networkConnectionEnabled: false, pageLoadStrategy: normal, platform: XP, platformName: XP, rotatable: false, setWindowRect: true, takesHeapSnapshot: true, takesScreenshot: true, unexpectedAlertBehaviour: , unhandledPromptBehavior: , version: 65.0.3325.162, webStorageEnabled: true}
Session ID: 1eba51d042ffd22203863feb8048e51f
*** Element info: {Using=xpath, value=//td[(text() = 'Knie operatie' or . = 'Knie operatie')]})]]></system-err>
   </testsuite>
</testsuites>
