{"devicePlatform":"","logFolder":"C:\\Users\\mslin\\katalonstudio\\sampleWeb\\Reports\\TS_RegressionTest\\20180313_204523","runData":{"hostName":"mslin - menLap","os":"Windows 10 64bit","katalonVersion":"5.3.0.1","browser":"Chrome 4","hostAddress":"192.168.99.1","sessionId":"d4533ca2e9bf80d56ea4c3b92ac665940033c556","seleniumVersion":"3.7.1","proxyInformation":"ProxyInformation{proxyOption\u003dNO_PROXY, proxyServerType\u003dHTTP, password\u003d, proxyServerAddress\u003d, proxyServerPort\u003d0}","platform":"Windows 10"},"type":"TEST_SUITE","name":"TS_RegressionTest","id":"Test Suites/TS_RegressionTest","source":"","message":"Test Cases/Main Test Cases/TC1_Verify Successful Login FAILED because (of) Unable to click on object \u0027Object Repository/Page_CuraHomepage/btn_MakeAppointment\u0027 (Root cause: org.openqa.selenium.WebDriverException: unknown error: Element is not clickable at point (180, 391). Other element would receive the click: \u003cnav id\u003d\"sidebar-wrapper\"\u003e...\u003c/nav\u003e\n  (Session info: webview\u003d30.0.0.0)\n  (Driver info: chromedriver\u003d2.18.343837 (52eb4041461e46a6b73308ebb19e85787ced4281),platform\u003dMac OS X 10.10.5 x86_64) (WARNING: The server did not provide any stacktrace information)\nCommand duration or timeout: 0 milliseconds\nBuild info: version: \u00273.7.1\u0027, revision: \u00278a0099a\u0027, time: \u00272017-11-06T21:07:36.161Z\u0027\nSystem info: host: \u0027MENLAP\u0027, ip: \u0027192.168.99.1\u0027, os.name: \u0027Windows 10\u0027, os.arch: \u0027amd64\u0027, os.version: \u002710.0\u0027, java.version: \u00271.8.0_102\u0027\nDriver info: com.kms.katalon.core.appium.driver.SwipeableAndroidDriver\nCapabilities {acceptSslCerts: true, applicationCacheEnabled: false, browserConnectionEnabled: false, browserName: chrome, chrome: {}, cssSelectorsEnabled: true, databaseEnabled: false, handlesAlerts: true, hasTouchScreen: false, javascriptEnabled: true, locationContextEnabled: true, mobileEmulationEnabled: false, nativeEvents: true, platform: ANDROID, platformName: ANDROID, rotatable: false, takesHeapSnapshot: true, takesScreenshot: true, version: 30.0.0.0, webStorageEnabled: true}\nSession ID: d487171b7465fae5fd5a96026894ef2e9c3ea949)","description":"","startTime":1520970329490,"endTime":1520970508670,"childRecords":[{"isOptional":false,"type":"TEST_CASE","name":"Test Cases/Main Test Cases/TC1_Verify Successful Login","id":"Test Cases/Main Test Cases/TC1_Verify Successful Login","source":"C:\\\\Users\\\\mslin\\\\katalonstudio\\\\sampleWeb\\\\Test Cases\\\\Main Test Cases\\\\TC1_Verify Successful Login.tc","message":"Test Cases/Main Test Cases/TC1_Verify Successful Login FAILED because (of) Unable to click on object \u0027Object Repository/Page_CuraHomepage/btn_MakeAppointment\u0027 (Root cause: org.openqa.selenium.WebDriverException: unknown error: Element is not clickable at point (180, 391). Other element would receive the click: \u003cnav id\u003d\"sidebar-wrapper\"\u003e...\u003c/nav\u003e\n  (Session info: webview\u003d30.0.0.0)\n  (Driver info: chromedriver\u003d2.18.343837 (52eb4041461e46a6b73308ebb19e85787ced4281),platform\u003dMac OS X 10.10.5 x86_64) (WARNING: The server did not provide any stacktrace information)\nCommand duration or timeout: 0 milliseconds\nBuild info: version: \u00273.7.1\u0027, revision: \u00278a0099a\u0027, time: \u00272017-11-06T21:07:36.161Z\u0027\nSystem info: host: \u0027MENLAP\u0027, ip: \u0027192.168.99.1\u0027, os.name: \u0027Windows 10\u0027, os.arch: \u0027amd64\u0027, os.version: \u002710.0\u0027, java.version: \u00271.8.0_102\u0027\nDriver info: com.kms.katalon.core.appium.driver.SwipeableAndroidDriver\nCapabilities {acceptSslCerts: true, applicationCacheEnabled: false, browserConnectionEnabled: false, browserName: chrome, chrome: {}, cssSelectorsEnabled: true, databaseEnabled: false, handlesAlerts: true, hasTouchScreen: false, javascriptEnabled: true, locationContextEnabled: true, mobileEmulationEnabled: false, nativeEvents: true, platform: ANDROID, platformName: ANDROID, rotatable: false, takesHeapSnapshot: true, takesScreenshot: true, version: 30.0.0.0, webStorageEnabled: true}\nSession ID: d487171b7465fae5fd5a96026894ef2e9c3ea949)","description":"Verify if users can login successful. \\n\\nSteps:\\n- Click on \u0027Book Appointment\u0027 button to login\\n- Input username and password\\n- Click on \u0027Login\u0027 button\\n\\nExpected result:\\n\u0027Appointment\u0027 section is displayed after successful login","startTime":1520970329791,"endTime":1520970389426,"childRecords":[{"testStatus":{"stackTrace":"","statusValue":"INFO"},"type":"MESSAGE","name":"","message":"Evaluating variables for test case","startTime":1520970329815,"endTime":0,"childRecords":[],"interuppted":false},{"testStatus":{"stackTrace":"","statusValue":"INFO"},"type":"MESSAGE","name":"","message":"Variable \u0027Username\u0027 is set to John Doe as default","startTime":1520970329855,"endTime":0,"childRecords":[],"interuppted":false},{"testStatus":{"stackTrace":"","statusValue":"INFO"},"type":"MESSAGE","name":"","message":"Variable \u0027Password\u0027 is set to ThisIsNotAPassword as default","startTime":1520970329864,"endTime":0,"childRecords":[],"interuppted":false},{"index":1,"isIgnoredIfFailed":false,"type":"TEST_STEP","name":"comment","message":"Story: Login to CURA system","description":"","startTime":1520970330079,"endTime":1520970330111,"childRecords":[],"interuppted":false},{"index":2,"isIgnoredIfFailed":false,"type":"TEST_STEP","name":"comment","message":"Given that the user has the valid login information","description":"","startTime":1520970330112,"endTime":1520970330113,"childRecords":[],"interuppted":false},{"index":3,"isIgnoredIfFailed":false,"type":"TEST_STEP","name":"openBrowser","message":"Browser is opened with url: \u0027http://demoaut.katalon.com\u0027","description":"","startTime":1520970330114,"endTime":1520970387955,"childRecords":[{"testStatus":{"stackTrace":"","statusValue":"PASSED"},"type":"MESSAGE","name":"","message":"Browser is opened with url: \u0027http://demoaut.katalon.com\u0027","startTime":1520970387954,"endTime":0,"childRecords":[],"interuppted":false}],"interuppted":false},{"attachment":"1520970388976.png","index":4,"isIgnoredIfFailed":false,"type":"TEST_STEP","name":"click","message":"Unable to click on object \u0027Object Repository/Page_CuraHomepage/btn_MakeAppointment\u0027 (Root cause: org.openqa.selenium.WebDriverException: unknown error: Element is not clickable at point (180, 391). Other element would receive the click: \u003cnav id\u003d\"sidebar-wrapper\"\u003e...\u003c/nav\u003e\n  (Session info: webview\u003d30.0.0.0)\n  (Driver info: chromedriver\u003d2.18.343837 (52eb4041461e46a6b73308ebb19e85787ced4281),platform\u003dMac OS X 10.10.5 x86_64) (WARNING: The server did not provide any stacktrace information)\nCommand duration or timeout: 0 milliseconds\nBuild info: version: \u00273.7.1\u0027, revision: \u00278a0099a\u0027, time: \u00272017-11-06T21:07:36.161Z\u0027\nSystem info: host: \u0027MENLAP\u0027, ip: \u0027192.168.99.1\u0027, os.name: \u0027Windows 10\u0027, os.arch: \u0027amd64\u0027, os.version: \u002710.0\u0027, java.version: \u00271.8.0_102\u0027\nDriver info: com.kms.katalon.core.appium.driver.SwipeableAndroidDriver\nCapabilities {acceptSslCerts: true, applicationCacheEnabled: false, browserConnectionEnabled: false, browserName: chrome, chrome: {}, cssSelectorsEnabled: true, databaseEnabled: false, handlesAlerts: true, hasTouchScreen: false, javascriptEnabled: true, locationContextEnabled: true, mobileEmulationEnabled: false, nativeEvents: true, platform: ANDROID, platformName: ANDROID, rotatable: false, takesHeapSnapshot: true, takesScreenshot: true, version: 30.0.0.0, webStorageEnabled: true}\nSession ID: d487171b7465fae5fd5a96026894ef2e9c3ea949)","description":"","startTime":1520970387956,"endTime":1520970389422,"childRecords":[{"testStatus":{"stackTrace":"","statusValue":"FAILED"},"attachment":"1520970388976.png","type":"MESSAGE","name":"","message":"Unable to click on object \u0027Object Repository/Page_CuraHomepage/btn_MakeAppointment\u0027 (Root cause: org.openqa.selenium.WebDriverException: unknown error: Element is not clickable at point (180, 391). Other element would receive the click: \u003cnav id\u003d\"sidebar-wrapper\"\u003e...\u003c/nav\u003e\n  (Session info: webview\u003d30.0.0.0)\n  (Driver info: chromedriver\u003d2.18.343837 (52eb4041461e46a6b73308ebb19e85787ced4281),platform\u003dMac OS X 10.10.5 x86_64) (WARNING: The server did not provide any stacktrace information)\nCommand duration or timeout: 0 milliseconds\nBuild info: version: \u00273.7.1\u0027, revision: \u00278a0099a\u0027, time: \u00272017-11-06T21:07:36.161Z\u0027\nSystem info: host: \u0027MENLAP\u0027, ip: \u0027192.168.99.1\u0027, os.name: \u0027Windows 10\u0027, os.arch: \u0027amd64\u0027, os.version: \u002710.0\u0027, java.version: \u00271.8.0_102\u0027\nDriver info: com.kms.katalon.core.appium.driver.SwipeableAndroidDriver\nCapabilities {acceptSslCerts: true, applicationCacheEnabled: false, browserConnectionEnabled: false, browserName: chrome, chrome: {}, cssSelectorsEnabled: true, databaseEnabled: false, handlesAlerts: true, hasTouchScreen: false, javascriptEnabled: true, locationContextEnabled: true, mobileEmulationEnabled: false, nativeEvents: true, platform: ANDROID, platformName: ANDROID, rotatable: false, takesHeapSnapshot: true, takesScreenshot: true, version: 30.0.0.0, webStorageEnabled: true}\nSession ID: d487171b7465fae5fd5a96026894ef2e9c3ea949)","startTime":1520970389421,"endTime":0,"childRecords":[],"interuppted":false}],"interuppted":false},{"testStatus":{"stackTrace":"","statusValue":"FAILED"},"type":"MESSAGE","name":"","message":"Test Cases/Main Test Cases/TC1_Verify Successful Login FAILED because (of) Unable to click on object \u0027Object Repository/Page_CuraHomepage/btn_MakeAppointment\u0027 (Root cause: org.openqa.selenium.WebDriverException: unknown error: Element is not clickable at point (180, 391). Other element would receive the click: \u003cnav id\u003d\"sidebar-wrapper\"\u003e...\u003c/nav\u003e\n  (Session info: webview\u003d30.0.0.0)\n  (Driver info: chromedriver\u003d2.18.343837 (52eb4041461e46a6b73308ebb19e85787ced4281),platform\u003dMac OS X 10.10.5 x86_64) (WARNING: The server did not provide any stacktrace information)\nCommand duration or timeout: 0 milliseconds\nBuild info: version: \u00273.7.1\u0027, revision: \u00278a0099a\u0027, time: \u00272017-11-06T21:07:36.161Z\u0027\nSystem info: host: \u0027MENLAP\u0027, ip: \u0027192.168.99.1\u0027, os.name: \u0027Windows 10\u0027, os.arch: \u0027amd64\u0027, os.version: \u002710.0\u0027, java.version: \u00271.8.0_102\u0027\nDriver info: com.kms.katalon.core.appium.driver.SwipeableAndroidDriver\nCapabilities {acceptSslCerts: true, applicationCacheEnabled: false, browserConnectionEnabled: false, browserName: chrome, chrome: {}, cssSelectorsEnabled: true, databaseEnabled: false, handlesAlerts: true, hasTouchScreen: false, javascriptEnabled: true, locationContextEnabled: true, mobileEmulationEnabled: false, nativeEvents: true, platform: ANDROID, platformName: ANDROID, rotatable: false, takesHeapSnapshot: true, takesScreenshot: true, version: 30.0.0.0, webStorageEnabled: true}\nSession ID: d487171b7465fae5fd5a96026894ef2e9c3ea949)","startTime":1520970389423,"endTime":0,"childRecords":[],"interuppted":false}],"interuppted":false},{"isOptional":false,"type":"TEST_CASE","name":"Test Cases/Main Test Cases/TC2_Verify Successful Appointment","id":"Test Cases/Main Test Cases/TC2_Verify Successful Appointment","source":"C:\\\\Users\\\\mslin\\\\katalonstudio\\\\sampleWeb\\\\Test Cases\\\\Main Test Cases\\\\TC2_Verify Successful Appointment.tc","message":"Test Cases/Main Test Cases/TC2_Verify Successful Appointment FAILED because (of) Unable to click on object \u0027Object Repository/Page_CuraHomepage/btn_MakeAppointment\u0027 (Root cause: org.openqa.selenium.WebDriverException: unknown error: Element is not clickable at point (180, 391). Other element would receive the click: \u003cnav id\u003d\"sidebar-wrapper\"\u003e...\u003c/nav\u003e\n  (Session info: webview\u003d30.0.0.0)\n  (Driver info: chromedriver\u003d2.18.343837 (52eb4041461e46a6b73308ebb19e85787ced4281),platform\u003dMac OS X 10.10.5 x86_64) (WARNING: The server did not provide any stacktrace information)\nCommand duration or timeout: 0 milliseconds\nBuild info: version: \u00273.7.1\u0027, revision: \u00278a0099a\u0027, time: \u00272017-11-06T21:07:36.161Z\u0027\nSystem info: host: \u0027MENLAP\u0027, ip: \u0027192.168.99.1\u0027, os.name: \u0027Windows 10\u0027, os.arch: \u0027amd64\u0027, os.version: \u002710.0\u0027, java.version: \u00271.8.0_102\u0027\nDriver info: com.kms.katalon.core.appium.driver.SwipeableAndroidDriver\nCapabilities {acceptSslCerts: true, applicationCacheEnabled: false, browserConnectionEnabled: false, browserName: chrome, chrome: {}, cssSelectorsEnabled: true, databaseEnabled: false, handlesAlerts: true, hasTouchScreen: false, javascriptEnabled: true, locationContextEnabled: true, mobileEmulationEnabled: false, nativeEvents: true, platform: ANDROID, platformName: ANDROID, rotatable: false, takesHeapSnapshot: true, takesScreenshot: true, version: 30.0.0.0, webStorageEnabled: true}\nSession ID: d4533ca2e9bf80d56ea4c3b92ac665940033c556)","description":"Verify if users can book an appointment sucessfully.\\nPre-condition: Users have already logged in\\n\\nSteps:\\n- Fill in appoinment\u0027s information\\n- Click on appointment\u0027s button\\n\\nExpected results:\\nAppointment Confirmation page is displayed","startTime":1520970389430,"endTime":1520970478271,"childRecords":[{"testStatus":{"stackTrace":"","statusValue":"INFO"},"type":"MESSAGE","name":"","message":"Evaluating variables for test case","startTime":1520970389443,"endTime":0,"childRecords":[],"interuppted":false},{"index":1,"isIgnoredIfFailed":false,"type":"TEST_STEP","name":"comment","message":"Story: Book an appointment","description":"","startTime":1520970389560,"endTime":1520970389561,"childRecords":[],"interuppted":false},{"index":2,"isIgnoredIfFailed":false,"type":"TEST_STEP","name":"comment","message":"Given that the user has logged into their account","description":"","startTime":1520970389562,"endTime":1520970389563,"childRecords":[],"interuppted":false},{"index":3,"isIgnoredIfFailed":false,"type":"TEST_STEP","name":"openBrowser","message":"Browser is opened with url: \u0027http://demoaut.katalon.com\u0027","description":"","startTime":1520970389563,"endTime":1520970475351,"childRecords":[{"testStatus":{"stackTrace":"","statusValue":"WARNING"},"type":"MESSAGE","name":"","message":"A browser is already opened. Closing browser and opening a new one","startTime":1520970389565,"endTime":0,"childRecords":[],"interuppted":false},{"testStatus":{"stackTrace":"","statusValue":"PASSED"},"type":"MESSAGE","name":"","message":"Browser is opened with url: \u0027http://demoaut.katalon.com\u0027","startTime":1520970475350,"endTime":0,"childRecords":[],"interuppted":false}],"interuppted":false},{"index":4,"isIgnoredIfFailed":false,"type":"TEST_STEP","name":"callTestCase","message":"Unable to call Test Case with id \u0027Test Cases/Common Test Cases/Login\u0027 (Root cause: Call Test Case \u0027Test Cases/Common Test Cases/Login\u0027 failed)","description":"","startTime":1520970475351,"endTime":1520970478266,"childRecords":[{"isOptional":false,"type":"TEST_CASE","name":"Test Cases/Common Test Cases/Login","id":"Test Cases/Common Test Cases/Login","source":"C:\\\\Users\\\\mslin\\\\katalonstudio\\\\sampleWeb\\\\Test Cases\\\\Common Test Cases\\\\Login.tc","message":"Test Cases/Common Test Cases/Login FAILED because (of) Unable to click on object \u0027Object Repository/Page_CuraHomepage/btn_MakeAppointment\u0027 (Root cause: org.openqa.selenium.WebDriverException: unknown error: Element is not clickable at point (180, 391). Other element would receive the click: \u003cnav id\u003d\"sidebar-wrapper\"\u003e...\u003c/nav\u003e\n  (Session info: webview\u003d30.0.0.0)\n  (Driver info: chromedriver\u003d2.18.343837 (52eb4041461e46a6b73308ebb19e85787ced4281),platform\u003dMac OS X 10.10.5 x86_64) (WARNING: The server did not provide any stacktrace information)\nCommand duration or timeout: 0 milliseconds\nBuild info: version: \u00273.7.1\u0027, revision: \u00278a0099a\u0027, time: \u00272017-11-06T21:07:36.161Z\u0027\nSystem info: host: \u0027MENLAP\u0027, ip: \u0027192.168.99.1\u0027, os.name: \u0027Windows 10\u0027, os.arch: \u0027amd64\u0027, os.version: \u002710.0\u0027, java.version: \u00271.8.0_102\u0027\nDriver info: com.kms.katalon.core.appium.driver.SwipeableAndroidDriver\nCapabilities {acceptSslCerts: true, applicationCacheEnabled: false, browserConnectionEnabled: false, browserName: chrome, chrome: {}, cssSelectorsEnabled: true, databaseEnabled: false, handlesAlerts: true, hasTouchScreen: false, javascriptEnabled: true, locationContextEnabled: true, mobileEmulationEnabled: false, nativeEvents: true, platform: ANDROID, platformName: ANDROID, rotatable: false, takesHeapSnapshot: true, takesScreenshot: true, version: 30.0.0.0, webStorageEnabled: true}\nSession ID: d4533ca2e9bf80d56ea4c3b92ac665940033c556)","description":"Common test case used to login. \\nSteps:\\n- Click on \u0027Book Appointment\u0027 button to login\\n- Input username and password\\n- Click on \u0027Login\u0027 button\\n\\nExpected result:\\n\u0027Appointment\u0027 section is displayed after successful login","startTime":1520970475428,"endTime":1520970478262,"childRecords":[{"testStatus":{"stackTrace":"","statusValue":"INFO"},"type":"MESSAGE","name":"","message":"Evaluating variables for test case","startTime":1520970475437,"endTime":0,"childRecords":[],"interuppted":false},{"testStatus":{"stackTrace":"","statusValue":"INFO"},"type":"MESSAGE","name":"","message":"Variable \u0027Username\u0027 is set to John Doe","startTime":1520970475438,"endTime":0,"childRecords":[],"interuppted":false},{"testStatus":{"stackTrace":"","statusValue":"INFO"},"type":"MESSAGE","name":"","message":"Variable \u0027Password\u0027 is set to ThisIsNotAPassword","startTime":1520970475439,"endTime":0,"childRecords":[],"interuppted":false},{"attachment":"1520970477530.png","index":1,"isIgnoredIfFailed":false,"type":"TEST_STEP","name":"click","message":"Unable to click on object \u0027Object Repository/Page_CuraHomepage/btn_MakeAppointment\u0027 (Root cause: org.openqa.selenium.WebDriverException: unknown error: Element is not clickable at point (180, 391). Other element would receive the click: \u003cnav id\u003d\"sidebar-wrapper\"\u003e...\u003c/nav\u003e\n  (Session info: webview\u003d30.0.0.0)\n  (Driver info: chromedriver\u003d2.18.343837 (52eb4041461e46a6b73308ebb19e85787ced4281),platform\u003dMac OS X 10.10.5 x86_64) (WARNING: The server did not provide any stacktrace information)\nCommand duration or timeout: 0 milliseconds\nBuild info: version: \u00273.7.1\u0027, revision: \u00278a0099a\u0027, time: \u00272017-11-06T21:07:36.161Z\u0027\nSystem info: host: \u0027MENLAP\u0027, ip: \u0027192.168.99.1\u0027, os.name: \u0027Windows 10\u0027, os.arch: \u0027amd64\u0027, os.version: \u002710.0\u0027, java.version: \u00271.8.0_102\u0027\nDriver info: com.kms.katalon.core.appium.driver.SwipeableAndroidDriver\nCapabilities {acceptSslCerts: true, applicationCacheEnabled: false, browserConnectionEnabled: false, browserName: chrome, chrome: {}, cssSelectorsEnabled: true, databaseEnabled: false, handlesAlerts: true, hasTouchScreen: false, javascriptEnabled: true, locationContextEnabled: true, mobileEmulationEnabled: false, nativeEvents: true, platform: ANDROID, platformName: ANDROID, rotatable: false, takesHeapSnapshot: true, takesScreenshot: true, version: 30.0.0.0, webStorageEnabled: true}\nSession ID: d4533ca2e9bf80d56ea4c3b92ac665940033c556)","description":"","startTime":1520970475614,"endTime":1520970478259,"childRecords":[{"testStatus":{"stackTrace":"","statusValue":"FAILED"},"attachment":"1520970477530.png","type":"MESSAGE","name":"","message":"Unable to click on object \u0027Object Repository/Page_CuraHomepage/btn_MakeAppointment\u0027 (Root cause: org.openqa.selenium.WebDriverException: unknown error: Element is not clickable at point (180, 391). Other element would receive the click: \u003cnav id\u003d\"sidebar-wrapper\"\u003e...\u003c/nav\u003e\n  (Session info: webview\u003d30.0.0.0)\n  (Driver info: chromedriver\u003d2.18.343837 (52eb4041461e46a6b73308ebb19e85787ced4281),platform\u003dMac OS X 10.10.5 x86_64) (WARNING: The server did not provide any stacktrace information)\nCommand duration or timeout: 0 milliseconds\nBuild info: version: \u00273.7.1\u0027, revision: \u00278a0099a\u0027, time: \u00272017-11-06T21:07:36.161Z\u0027\nSystem info: host: \u0027MENLAP\u0027, ip: \u0027192.168.99.1\u0027, os.name: \u0027Windows 10\u0027, os.arch: \u0027amd64\u0027, os.version: \u002710.0\u0027, java.version: \u00271.8.0_102\u0027\nDriver info: com.kms.katalon.core.appium.driver.SwipeableAndroidDriver\nCapabilities {acceptSslCerts: true, applicationCacheEnabled: false, browserConnectionEnabled: false, browserName: chrome, chrome: {}, cssSelectorsEnabled: true, databaseEnabled: false, handlesAlerts: true, hasTouchScreen: false, javascriptEnabled: true, locationContextEnabled: true, mobileEmulationEnabled: false, nativeEvents: true, platform: ANDROID, platformName: ANDROID, rotatable: false, takesHeapSnapshot: true, takesScreenshot: true, version: 30.0.0.0, webStorageEnabled: true}\nSession ID: d4533ca2e9bf80d56ea4c3b92ac665940033c556)","startTime":1520970478258,"endTime":0,"childRecords":[],"interuppted":false}],"interuppted":false},{"testStatus":{"stackTrace":"","statusValue":"FAILED"},"type":"MESSAGE","name":"","message":"Test Cases/Common Test Cases/Login FAILED because (of) Unable to click on object \u0027Object Repository/Page_CuraHomepage/btn_MakeAppointment\u0027 (Root cause: org.openqa.selenium.WebDriverException: unknown error: Element is not clickable at point (180, 391). Other element would receive the click: \u003cnav id\u003d\"sidebar-wrapper\"\u003e...\u003c/nav\u003e\n  (Session info: webview\u003d30.0.0.0)\n  (Driver info: chromedriver\u003d2.18.343837 (52eb4041461e46a6b73308ebb19e85787ced4281),platform\u003dMac OS X 10.10.5 x86_64) (WARNING: The server did not provide any stacktrace information)\nCommand duration or timeout: 0 milliseconds\nBuild info: version: \u00273.7.1\u0027, revision: \u00278a0099a\u0027, time: \u00272017-11-06T21:07:36.161Z\u0027\nSystem info: host: \u0027MENLAP\u0027, ip: \u0027192.168.99.1\u0027, os.name: \u0027Windows 10\u0027, os.arch: \u0027amd64\u0027, os.version: \u002710.0\u0027, java.version: \u00271.8.0_102\u0027\nDriver info: com.kms.katalon.core.appium.driver.SwipeableAndroidDriver\nCapabilities {acceptSslCerts: true, applicationCacheEnabled: false, browserConnectionEnabled: false, browserName: chrome, chrome: {}, cssSelectorsEnabled: true, databaseEnabled: false, handlesAlerts: true, hasTouchScreen: false, javascriptEnabled: true, locationContextEnabled: true, mobileEmulationEnabled: false, nativeEvents: true, platform: ANDROID, platformName: ANDROID, rotatable: false, takesHeapSnapshot: true, takesScreenshot: true, version: 30.0.0.0, webStorageEnabled: true}\nSession ID: d4533ca2e9bf80d56ea4c3b92ac665940033c556)","startTime":1520970478260,"endTime":0,"childRecords":[],"interuppted":false}],"interuppted":false},{"testStatus":{"stackTrace":"","statusValue":"FAILED"},"type":"MESSAGE","name":"","message":"Unable to call Test Case with id \u0027Test Cases/Common Test Cases/Login\u0027 (Root cause: Call Test Case \u0027Test Cases/Common Test Cases/Login\u0027 failed)","startTime":1520970478265,"endTime":0,"childRecords":[],"interuppted":false}],"interuppted":false},{"testStatus":{"stackTrace":"","statusValue":"FAILED"},"type":"MESSAGE","name":"","message":"Test Cases/Main Test Cases/TC2_Verify Successful Appointment FAILED because (of) Unable to click on object \u0027Object Repository/Page_CuraHomepage/btn_MakeAppointment\u0027 (Root cause: org.openqa.selenium.WebDriverException: unknown error: Element is not clickable at point (180, 391). Other element would receive the click: \u003cnav id\u003d\"sidebar-wrapper\"\u003e...\u003c/nav\u003e\n  (Session info: webview\u003d30.0.0.0)\n  (Driver info: chromedriver\u003d2.18.343837 (52eb4041461e46a6b73308ebb19e85787ced4281),platform\u003dMac OS X 10.10.5 x86_64) (WARNING: The server did not provide any stacktrace information)\nCommand duration or timeout: 0 milliseconds\nBuild info: version: \u00273.7.1\u0027, revision: \u00278a0099a\u0027, time: \u00272017-11-06T21:07:36.161Z\u0027\nSystem info: host: \u0027MENLAP\u0027, ip: \u0027192.168.99.1\u0027, os.name: \u0027Windows 10\u0027, os.arch: \u0027amd64\u0027, os.version: \u002710.0\u0027, java.version: \u00271.8.0_102\u0027\nDriver info: com.kms.katalon.core.appium.driver.SwipeableAndroidDriver\nCapabilities {acceptSslCerts: true, applicationCacheEnabled: false, browserConnectionEnabled: false, browserName: chrome, chrome: {}, cssSelectorsEnabled: true, databaseEnabled: false, handlesAlerts: true, hasTouchScreen: false, javascriptEnabled: true, locationContextEnabled: true, mobileEmulationEnabled: false, nativeEvents: true, platform: ANDROID, platformName: ANDROID, rotatable: false, takesHeapSnapshot: true, takesScreenshot: true, version: 30.0.0.0, webStorageEnabled: true}\nSession ID: d4533ca2e9bf80d56ea4c3b92ac665940033c556)","startTime":1520970478267,"endTime":0,"childRecords":[],"interuppted":false}],"interuppted":false}],"interuppted":false}