<?xml version="1.0" encoding="UTF-8"?>
<testsuites name="TS_RegressionTest" time="179" tests="0" failures="2" errors="0">
   <testsuite name="TS_RegressionTest" tests="0" failures="2" errors="0" time="179" timestamp="2018-03-13 20:45:29" hostname="mslin - menLap" id="Test Suites/TS_RegressionTest">
      <properties>
         <property name="deviceName" value=""/>
         <property name="devicePlatform" value=""/>
         <property name="logFolder" value="C:\\Users\\mslin\\katalonstudio\\sampleWeb\\Reports\\TS_RegressionTest\\20180313_204523"/>
         <property name="logFiles" value="C:\\Users\\mslin\\katalonstudio\\sampleWeb\\Reports\\TS_RegressionTest\\20180313_204523\\execution0.log"/>
         <property name="attachments" value="C:\\Users\\mslin\\katalonstudio\\sampleWeb\\Reports\\TS_RegressionTest\\20180313_204523\\1520970388976.png, C:\\Users\\mslin\\katalonstudio\\sampleWeb\\Reports\\TS_RegressionTest\\20180313_204523\\1520970477530.png"/>
         <property name="hostName" value="mslin - menLap"/>
         <property name="os" value="Windows 10 64bit"/>
         <property name="katalonVersion" value="5.3.0.1"/>
         <property name="browser" value="Chrome 4"/>
         <property name="hostAddress" value="192.168.99.1"/>
         <property name="sessionId" value="d4533ca2e9bf80d56ea4c3b92ac665940033c556"/>
         <property name="seleniumVersion" value="3.7.1"/>
         <property name="proxyInformation" value="ProxyInformation{proxyOption=NO_PROXY, proxyServerType=HTTP, password=, proxyServerAddress=, proxyServerPort=0}"/>
         <property name="platform" value="Windows 10"/>
      </properties>
      <testcase name="Test Cases/Main Test Cases/TC1_Verify Successful Login" classname="Test Cases/Main Test Cases/TC1_Verify Successful Login" status="FAILED">
         <failure type="FAILED" message="Unable to click on object 'Object Repository/Page_CuraHomepage/btn_MakeAppointment' (Root cause: org.openqa.selenium.WebDriverException: unknown error: Element is not clickable at point (180, 391). Other element would receive the click: &lt;nav id=&quot;sidebar-wrapper&quot;>...&lt;/nav>
  (Session info: webview=30.0.0.0)
  (Driver info: chromedriver=2.18.343837 (52eb4041461e46a6b73308ebb19e85787ced4281),platform=Mac OS X 10.10.5 x86_64) (WARNING: The server did not provide any stacktrace information)
Command duration or timeout: 0 milliseconds
Build info: version: '3.7.1', revision: '8a0099a', time: '2017-11-06T21:07:36.161Z'
System info: host: 'MENLAP', ip: '192.168.99.1', os.name: 'Windows 10', os.arch: 'amd64', os.version: '10.0', java.version: '1.8.0_102'
Driver info: com.kms.katalon.core.appium.driver.SwipeableAndroidDriver
Capabilities {acceptSslCerts: true, applicationCacheEnabled: false, browserConnectionEnabled: false, browserName: chrome, chrome: {}, cssSelectorsEnabled: true, databaseEnabled: false, handlesAlerts: true, hasTouchScreen: false, javascriptEnabled: true, locationContextEnabled: true, mobileEmulationEnabled: false, nativeEvents: true, platform: ANDROID, platformName: ANDROID, rotatable: false, takesHeapSnapshot: true, takesScreenshot: true, version: 30.0.0.0, webStorageEnabled: true}
Session ID: d487171b7465fae5fd5a96026894ef2e9c3ea949)"/>
         <system-out><![CDATA[2018-03-13 20:45:29 - [TEST_CASE][FAILED] - Test Cases/Main Test Cases/TC1_Verify Successful Login: Test Cases/Main Test Cases/TC1_Verify Successful Login FAILED because (of) Unable to click on object 'Object Repository/Page_CuraHomepage/btn_MakeAppointment' (Root cause: org.openqa.selenium.WebDriverException: unknown error: Element is not clickable at point (180, 391). Other element would receive the click: <nav id="sidebar-wrapper">...</nav>
  (Session info: webview=30.0.0.0)
  (Driver info: chromedriver=2.18.343837 (52eb4041461e46a6b73308ebb19e85787ced4281),platform=Mac OS X 10.10.5 x86_64) (WARNING: The server did not provide any stacktrace information)
Command duration or timeout: 0 milliseconds
Build info: version: '3.7.1', revision: '8a0099a', time: '2017-11-06T21:07:36.161Z'
System info: host: 'MENLAP', ip: '192.168.99.1', os.name: 'Windows 10', os.arch: 'amd64', os.version: '10.0', java.version: '1.8.0_102'
Driver info: com.kms.katalon.core.appium.driver.SwipeableAndroidDriver
Capabilities {acceptSslCerts: true, applicationCacheEnabled: false, browserConnectionEnabled: false, browserName: chrome, chrome: {}, cssSelectorsEnabled: true, databaseEnabled: false, handlesAlerts: true, hasTouchScreen: false, javascriptEnabled: true, locationContextEnabled: true, mobileEmulationEnabled: false, nativeEvents: true, platform: ANDROID, platformName: ANDROID, rotatable: false, takesHeapSnapshot: true, takesScreenshot: true, version: 30.0.0.0, webStorageEnabled: true}
Session ID: d487171b7465fae5fd5a96026894ef2e9c3ea949)

2018-03-13 20:45:30 - [TEST_STEP][PASSED] - comment: Story: Login to CURA system

2018-03-13 20:45:30 - [TEST_STEP][PASSED] - comment: Given that the user has the valid login information

2018-03-13 20:45:30 - [TEST_STEP][PASSED] - openBrowser: Browser is opened with url: 'http://demoaut.katalon.com'

2018-03-13 20:46:27 - [MESSAGE][PASSED] - Browser is opened with url: 'http://demoaut.katalon.com'

2018-03-13 20:46:27 - [TEST_STEP][FAILED] - click: Unable to click on object 'Object Repository/Page_CuraHomepage/btn_MakeAppointment' (Root cause: org.openqa.selenium.WebDriverException: unknown error: Element is not clickable at point (180, 391). Other element would receive the click: <nav id="sidebar-wrapper">...</nav>
  (Session info: webview=30.0.0.0)
  (Driver info: chromedriver=2.18.343837 (52eb4041461e46a6b73308ebb19e85787ced4281),platform=Mac OS X 10.10.5 x86_64) (WARNING: The server did not provide any stacktrace information)
Command duration or timeout: 0 milliseconds
Build info: version: '3.7.1', revision: '8a0099a', time: '2017-11-06T21:07:36.161Z'
System info: host: 'MENLAP', ip: '192.168.99.1', os.name: 'Windows 10', os.arch: 'amd64', os.version: '10.0', java.version: '1.8.0_102'
Driver info: com.kms.katalon.core.appium.driver.SwipeableAndroidDriver
Capabilities {acceptSslCerts: true, applicationCacheEnabled: false, browserConnectionEnabled: false, browserName: chrome, chrome: {}, cssSelectorsEnabled: true, databaseEnabled: false, handlesAlerts: true, hasTouchScreen: false, javascriptEnabled: true, locationContextEnabled: true, mobileEmulationEnabled: false, nativeEvents: true, platform: ANDROID, platformName: ANDROID, rotatable: false, takesHeapSnapshot: true, takesScreenshot: true, version: 30.0.0.0, webStorageEnabled: true}
Session ID: d487171b7465fae5fd5a96026894ef2e9c3ea949)

2018-03-13 20:46:29 - [MESSAGE][FAILED] - Unable to click on object 'Object Repository/Page_CuraHomepage/btn_MakeAppointment' (Root cause: org.openqa.selenium.WebDriverException: unknown error: Element is not clickable at point (180, 391). Other element would receive the click: <nav id="sidebar-wrapper">...</nav>
  (Session info: webview=30.0.0.0)
  (Driver info: chromedriver=2.18.343837 (52eb4041461e46a6b73308ebb19e85787ced4281),platform=Mac OS X 10.10.5 x86_64) (WARNING: The server did not provide any stacktrace information)
Command duration or timeout: 0 milliseconds
Build info: version: '3.7.1', revision: '8a0099a', time: '2017-11-06T21:07:36.161Z'
System info: host: 'MENLAP', ip: '192.168.99.1', os.name: 'Windows 10', os.arch: 'amd64', os.version: '10.0', java.version: '1.8.0_102'
Driver info: com.kms.katalon.core.appium.driver.SwipeableAndroidDriver
Capabilities {acceptSslCerts: true, applicationCacheEnabled: false, browserConnectionEnabled: false, browserName: chrome, chrome: {}, cssSelectorsEnabled: true, databaseEnabled: false, handlesAlerts: true, hasTouchScreen: false, javascriptEnabled: true, locationContextEnabled: true, mobileEmulationEnabled: false, nativeEvents: true, platform: ANDROID, platformName: ANDROID, rotatable: false, takesHeapSnapshot: true, takesScreenshot: true, version: 30.0.0.0, webStorageEnabled: true}
Session ID: d487171b7465fae5fd5a96026894ef2e9c3ea949)
[[ATTACHMENT|C:\\Users\\mslin\\katalonstudio\\sampleWeb\\Reports\\TS_RegressionTest\\20180313_204523\\1520970388976.png]]]]></system-out>
         <system-err><![CDATA[2018-03-13 20:45:29 - [TEST_CASE][FAILED] - Test Cases/Main Test Cases/TC1_Verify Successful Login: Test Cases/Main Test Cases/TC1_Verify Successful Login FAILED because (of) Unable to click on object 'Object Repository/Page_CuraHomepage/btn_MakeAppointment' (Root cause: org.openqa.selenium.WebDriverException: unknown error: Element is not clickable at point (180, 391). Other element would receive the click: <nav id="sidebar-wrapper">...</nav>
  (Session info: webview=30.0.0.0)
  (Driver info: chromedriver=2.18.343837 (52eb4041461e46a6b73308ebb19e85787ced4281),platform=Mac OS X 10.10.5 x86_64) (WARNING: The server did not provide any stacktrace information)
Command duration or timeout: 0 milliseconds
Build info: version: '3.7.1', revision: '8a0099a', time: '2017-11-06T21:07:36.161Z'
System info: host: 'MENLAP', ip: '192.168.99.1', os.name: 'Windows 10', os.arch: 'amd64', os.version: '10.0', java.version: '1.8.0_102'
Driver info: com.kms.katalon.core.appium.driver.SwipeableAndroidDriver
Capabilities {acceptSslCerts: true, applicationCacheEnabled: false, browserConnectionEnabled: false, browserName: chrome, chrome: {}, cssSelectorsEnabled: true, databaseEnabled: false, handlesAlerts: true, hasTouchScreen: false, javascriptEnabled: true, locationContextEnabled: true, mobileEmulationEnabled: false, nativeEvents: true, platform: ANDROID, platformName: ANDROID, rotatable: false, takesHeapSnapshot: true, takesScreenshot: true, version: 30.0.0.0, webStorageEnabled: true}
Session ID: d487171b7465fae5fd5a96026894ef2e9c3ea949)]]></system-err>
      </testcase>
      <testcase name="Test Cases/Main Test Cases/TC2_Verify Successful Appointment" classname="Test Cases/Main Test Cases/TC2_Verify Successful Appointment" status="FAILED">
         <failure type="FAILED" message="Unable to click on object 'Object Repository/Page_CuraHomepage/btn_MakeAppointment' (Root cause: org.openqa.selenium.WebDriverException: unknown error: Element is not clickable at point (180, 391). Other element would receive the click: &lt;nav id=&quot;sidebar-wrapper&quot;>...&lt;/nav>
  (Session info: webview=30.0.0.0)
  (Driver info: chromedriver=2.18.343837 (52eb4041461e46a6b73308ebb19e85787ced4281),platform=Mac OS X 10.10.5 x86_64) (WARNING: The server did not provide any stacktrace information)
Command duration or timeout: 0 milliseconds
Build info: version: '3.7.1', revision: '8a0099a', time: '2017-11-06T21:07:36.161Z'
System info: host: 'MENLAP', ip: '192.168.99.1', os.name: 'Windows 10', os.arch: 'amd64', os.version: '10.0', java.version: '1.8.0_102'
Driver info: com.kms.katalon.core.appium.driver.SwipeableAndroidDriver
Capabilities {acceptSslCerts: true, applicationCacheEnabled: false, browserConnectionEnabled: false, browserName: chrome, chrome: {}, cssSelectorsEnabled: true, databaseEnabled: false, handlesAlerts: true, hasTouchScreen: false, javascriptEnabled: true, locationContextEnabled: true, mobileEmulationEnabled: false, nativeEvents: true, platform: ANDROID, platformName: ANDROID, rotatable: false, takesHeapSnapshot: true, takesScreenshot: true, version: 30.0.0.0, webStorageEnabled: true}
Session ID: d4533ca2e9bf80d56ea4c3b92ac665940033c556)"/>
         <system-out><![CDATA[2018-03-13 20:46:29 - [TEST_CASE][FAILED] - Test Cases/Main Test Cases/TC2_Verify Successful Appointment: Test Cases/Main Test Cases/TC2_Verify Successful Appointment FAILED because (of) Unable to click on object 'Object Repository/Page_CuraHomepage/btn_MakeAppointment' (Root cause: org.openqa.selenium.WebDriverException: unknown error: Element is not clickable at point (180, 391). Other element would receive the click: <nav id="sidebar-wrapper">...</nav>
  (Session info: webview=30.0.0.0)
  (Driver info: chromedriver=2.18.343837 (52eb4041461e46a6b73308ebb19e85787ced4281),platform=Mac OS X 10.10.5 x86_64) (WARNING: The server did not provide any stacktrace information)
Command duration or timeout: 0 milliseconds
Build info: version: '3.7.1', revision: '8a0099a', time: '2017-11-06T21:07:36.161Z'
System info: host: 'MENLAP', ip: '192.168.99.1', os.name: 'Windows 10', os.arch: 'amd64', os.version: '10.0', java.version: '1.8.0_102'
Driver info: com.kms.katalon.core.appium.driver.SwipeableAndroidDriver
Capabilities {acceptSslCerts: true, applicationCacheEnabled: false, browserConnectionEnabled: false, browserName: chrome, chrome: {}, cssSelectorsEnabled: true, databaseEnabled: false, handlesAlerts: true, hasTouchScreen: false, javascriptEnabled: true, locationContextEnabled: true, mobileEmulationEnabled: false, nativeEvents: true, platform: ANDROID, platformName: ANDROID, rotatable: false, takesHeapSnapshot: true, takesScreenshot: true, version: 30.0.0.0, webStorageEnabled: true}
Session ID: d4533ca2e9bf80d56ea4c3b92ac665940033c556)

2018-03-13 20:46:29 - [TEST_STEP][PASSED] - comment: Story: Book an appointment

2018-03-13 20:46:29 - [TEST_STEP][PASSED] - comment: Given that the user has logged into their account

2018-03-13 20:46:29 - [TEST_STEP][PASSED] - openBrowser: Browser is opened with url: 'http://demoaut.katalon.com'

2018-03-13 20:46:29 - [MESSAGE][WARNING] - A browser is already opened. Closing browser and opening a new one

2018-03-13 20:47:55 - [MESSAGE][PASSED] - Browser is opened with url: 'http://demoaut.katalon.com'

2018-03-13 20:47:55 - [TEST_STEP][FAILED] - callTestCase: Unable to call Test Case with id 'Test Cases/Common Test Cases/Login' (Root cause: Call Test Case 'Test Cases/Common Test Cases/Login' failed)

2018-03-13 20:47:55 - [TEST_CASE][FAILED] - Test Cases/Common Test Cases/Login: Test Cases/Common Test Cases/Login FAILED because (of) Unable to click on object 'Object Repository/Page_CuraHomepage/btn_MakeAppointment' (Root cause: org.openqa.selenium.WebDriverException: unknown error: Element is not clickable at point (180, 391). Other element would receive the click: <nav id="sidebar-wrapper">...</nav>
  (Session info: webview=30.0.0.0)
  (Driver info: chromedriver=2.18.343837 (52eb4041461e46a6b73308ebb19e85787ced4281),platform=Mac OS X 10.10.5 x86_64) (WARNING: The server did not provide any stacktrace information)
Command duration or timeout: 0 milliseconds
Build info: version: '3.7.1', revision: '8a0099a', time: '2017-11-06T21:07:36.161Z'
System info: host: 'MENLAP', ip: '192.168.99.1', os.name: 'Windows 10', os.arch: 'amd64', os.version: '10.0', java.version: '1.8.0_102'
Driver info: com.kms.katalon.core.appium.driver.SwipeableAndroidDriver
Capabilities {acceptSslCerts: true, applicationCacheEnabled: false, browserConnectionEnabled: false, browserName: chrome, chrome: {}, cssSelectorsEnabled: true, databaseEnabled: false, handlesAlerts: true, hasTouchScreen: false, javascriptEnabled: true, locationContextEnabled: true, mobileEmulationEnabled: false, nativeEvents: true, platform: ANDROID, platformName: ANDROID, rotatable: false, takesHeapSnapshot: true, takesScreenshot: true, version: 30.0.0.0, webStorageEnabled: true}
Session ID: d4533ca2e9bf80d56ea4c3b92ac665940033c556)

2018-03-13 20:47:55 - [TEST_STEP][FAILED] - click: Unable to click on object 'Object Repository/Page_CuraHomepage/btn_MakeAppointment' (Root cause: org.openqa.selenium.WebDriverException: unknown error: Element is not clickable at point (180, 391). Other element would receive the click: <nav id="sidebar-wrapper">...</nav>
  (Session info: webview=30.0.0.0)
  (Driver info: chromedriver=2.18.343837 (52eb4041461e46a6b73308ebb19e85787ced4281),platform=Mac OS X 10.10.5 x86_64) (WARNING: The server did not provide any stacktrace information)
Command duration or timeout: 0 milliseconds
Build info: version: '3.7.1', revision: '8a0099a', time: '2017-11-06T21:07:36.161Z'
System info: host: 'MENLAP', ip: '192.168.99.1', os.name: 'Windows 10', os.arch: 'amd64', os.version: '10.0', java.version: '1.8.0_102'
Driver info: com.kms.katalon.core.appium.driver.SwipeableAndroidDriver
Capabilities {acceptSslCerts: true, applicationCacheEnabled: false, browserConnectionEnabled: false, browserName: chrome, chrome: {}, cssSelectorsEnabled: true, databaseEnabled: false, handlesAlerts: true, hasTouchScreen: false, javascriptEnabled: true, locationContextEnabled: true, mobileEmulationEnabled: false, nativeEvents: true, platform: ANDROID, platformName: ANDROID, rotatable: false, takesHeapSnapshot: true, takesScreenshot: true, version: 30.0.0.0, webStorageEnabled: true}
Session ID: d4533ca2e9bf80d56ea4c3b92ac665940033c556)

2018-03-13 20:47:58 - [MESSAGE][FAILED] - Unable to click on object 'Object Repository/Page_CuraHomepage/btn_MakeAppointment' (Root cause: org.openqa.selenium.WebDriverException: unknown error: Element is not clickable at point (180, 391). Other element would receive the click: <nav id="sidebar-wrapper">...</nav>
  (Session info: webview=30.0.0.0)
  (Driver info: chromedriver=2.18.343837 (52eb4041461e46a6b73308ebb19e85787ced4281),platform=Mac OS X 10.10.5 x86_64) (WARNING: The server did not provide any stacktrace information)
Command duration or timeout: 0 milliseconds
Build info: version: '3.7.1', revision: '8a0099a', time: '2017-11-06T21:07:36.161Z'
System info: host: 'MENLAP', ip: '192.168.99.1', os.name: 'Windows 10', os.arch: 'amd64', os.version: '10.0', java.version: '1.8.0_102'
Driver info: com.kms.katalon.core.appium.driver.SwipeableAndroidDriver
Capabilities {acceptSslCerts: true, applicationCacheEnabled: false, browserConnectionEnabled: false, browserName: chrome, chrome: {}, cssSelectorsEnabled: true, databaseEnabled: false, handlesAlerts: true, hasTouchScreen: false, javascriptEnabled: true, locationContextEnabled: true, mobileEmulationEnabled: false, nativeEvents: true, platform: ANDROID, platformName: ANDROID, rotatable: false, takesHeapSnapshot: true, takesScreenshot: true, version: 30.0.0.0, webStorageEnabled: true}
Session ID: d4533ca2e9bf80d56ea4c3b92ac665940033c556)
[[ATTACHMENT|C:\\Users\\mslin\\katalonstudio\\sampleWeb\\Reports\\TS_RegressionTest\\20180313_204523\\1520970477530.png]]

2018-03-13 20:47:58 - [MESSAGE][FAILED] - Unable to call Test Case with id 'Test Cases/Common Test Cases/Login' (Root cause: Call Test Case 'Test Cases/Common Test Cases/Login' failed)]]></system-out>
         <system-err><![CDATA[2018-03-13 20:46:29 - [TEST_CASE][FAILED] - Test Cases/Main Test Cases/TC2_Verify Successful Appointment: Test Cases/Main Test Cases/TC2_Verify Successful Appointment FAILED because (of) Unable to click on object 'Object Repository/Page_CuraHomepage/btn_MakeAppointment' (Root cause: org.openqa.selenium.WebDriverException: unknown error: Element is not clickable at point (180, 391). Other element would receive the click: <nav id="sidebar-wrapper">...</nav>
  (Session info: webview=30.0.0.0)
  (Driver info: chromedriver=2.18.343837 (52eb4041461e46a6b73308ebb19e85787ced4281),platform=Mac OS X 10.10.5 x86_64) (WARNING: The server did not provide any stacktrace information)
Command duration or timeout: 0 milliseconds
Build info: version: '3.7.1', revision: '8a0099a', time: '2017-11-06T21:07:36.161Z'
System info: host: 'MENLAP', ip: '192.168.99.1', os.name: 'Windows 10', os.arch: 'amd64', os.version: '10.0', java.version: '1.8.0_102'
Driver info: com.kms.katalon.core.appium.driver.SwipeableAndroidDriver
Capabilities {acceptSslCerts: true, applicationCacheEnabled: false, browserConnectionEnabled: false, browserName: chrome, chrome: {}, cssSelectorsEnabled: true, databaseEnabled: false, handlesAlerts: true, hasTouchScreen: false, javascriptEnabled: true, locationContextEnabled: true, mobileEmulationEnabled: false, nativeEvents: true, platform: ANDROID, platformName: ANDROID, rotatable: false, takesHeapSnapshot: true, takesScreenshot: true, version: 30.0.0.0, webStorageEnabled: true}
Session ID: d4533ca2e9bf80d56ea4c3b92ac665940033c556)]]></system-err>
      </testcase>
      <system-out><![CDATA[2018-03-13 20:45:29 - [TEST_SUITE][FAILED] - TS_RegressionTest: Test Cases/Main Test Cases/TC1_Verify Successful Login FAILED because (of) Unable to click on object 'Object Repository/Page_CuraHomepage/btn_MakeAppointment' (Root cause: org.openqa.selenium.WebDriverException: unknown error: Element is not clickable at point (180, 391). Other element would receive the click: <nav id="sidebar-wrapper">...</nav>
  (Session info: webview=30.0.0.0)
  (Driver info: chromedriver=2.18.343837 (52eb4041461e46a6b73308ebb19e85787ced4281),platform=Mac OS X 10.10.5 x86_64) (WARNING: The server did not provide any stacktrace information)
Command duration or timeout: 0 milliseconds
Build info: version: '3.7.1', revision: '8a0099a', time: '2017-11-06T21:07:36.161Z'
System info: host: 'MENLAP', ip: '192.168.99.1', os.name: 'Windows 10', os.arch: 'amd64', os.version: '10.0', java.version: '1.8.0_102'
Driver info: com.kms.katalon.core.appium.driver.SwipeableAndroidDriver
Capabilities {acceptSslCerts: true, applicationCacheEnabled: false, browserConnectionEnabled: false, browserName: chrome, chrome: {}, cssSelectorsEnabled: true, databaseEnabled: false, handlesAlerts: true, hasTouchScreen: false, javascriptEnabled: true, locationContextEnabled: true, mobileEmulationEnabled: false, nativeEvents: true, platform: ANDROID, platformName: ANDROID, rotatable: false, takesHeapSnapshot: true, takesScreenshot: true, version: 30.0.0.0, webStorageEnabled: true}
Session ID: d487171b7465fae5fd5a96026894ef2e9c3ea949)]]></system-out>
      <system-err><![CDATA[2018-03-13 20:45:29 - [TEST_SUITE][FAILED] - TS_RegressionTest: Test Cases/Main Test Cases/TC1_Verify Successful Login FAILED because (of) Unable to click on object 'Object Repository/Page_CuraHomepage/btn_MakeAppointment' (Root cause: org.openqa.selenium.WebDriverException: unknown error: Element is not clickable at point (180, 391). Other element would receive the click: <nav id="sidebar-wrapper">...</nav>
  (Session info: webview=30.0.0.0)
  (Driver info: chromedriver=2.18.343837 (52eb4041461e46a6b73308ebb19e85787ced4281),platform=Mac OS X 10.10.5 x86_64) (WARNING: The server did not provide any stacktrace information)
Command duration or timeout: 0 milliseconds
Build info: version: '3.7.1', revision: '8a0099a', time: '2017-11-06T21:07:36.161Z'
System info: host: 'MENLAP', ip: '192.168.99.1', os.name: 'Windows 10', os.arch: 'amd64', os.version: '10.0', java.version: '1.8.0_102'
Driver info: com.kms.katalon.core.appium.driver.SwipeableAndroidDriver
Capabilities {acceptSslCerts: true, applicationCacheEnabled: false, browserConnectionEnabled: false, browserName: chrome, chrome: {}, cssSelectorsEnabled: true, databaseEnabled: false, handlesAlerts: true, hasTouchScreen: false, javascriptEnabled: true, locationContextEnabled: true, mobileEmulationEnabled: false, nativeEvents: true, platform: ANDROID, platformName: ANDROID, rotatable: false, takesHeapSnapshot: true, takesScreenshot: true, version: 30.0.0.0, webStorageEnabled: true}
Session ID: d487171b7465fae5fd5a96026894ef2e9c3ea949)]]></system-err>
   </testsuite>
</testsuites>
