<?xml version="1.0" encoding="UTF-8"?>
<testsuites name="TS_DemoEPD" time="78" tests="0" failures="2" errors="0">
   <testsuite name="TS_DemoEPD" tests="0" failures="2" errors="0" time="78" timestamp="2018-03-18 13:38:40" hostname="mslin - menLap" id="Test Suites/TS_DemoEPD">
      <properties>
         <property name="deviceName" value="samsung SM-G900F (Android 7.1.2)"/>
         <property name="devicePlatform" value=""/>
         <property name="logFolder" value="C:\\Users\\mslin\\katalonstudio\\sampleWeb\\Reports\\TS_DemoEPD\\20180318_133833"/>
         <property name="logFiles" value="C:\\Users\\mslin\\katalonstudio\\sampleWeb\\Reports\\TS_DemoEPD\\20180318_133833\\appium.log, C:\\Users\\mslin\\katalonstudio\\sampleWeb\\Reports\\TS_DemoEPD\\20180318_133833\\execution0.log"/>
         <property name="attachments" value="C:\\Users\\mslin\\katalonstudio\\sampleWeb\\Reports\\TS_DemoEPD\\20180318_133833\\1521376761061.png, C:\\Users\\mslin\\katalonstudio\\sampleWeb\\Reports\\TS_DemoEPD\\20180318_133833\\1521376794842.png"/>
         <property name="hostName" value="mslin - menLap"/>
         <property name="os" value="Windows 10 64bit"/>
         <property name="katalonVersion" value="5.3.0.1"/>
         <property name="deviceOS" value="Android"/>
         <property name="appiumVersion" value="1.7.2"/>
         <property name="sessionId" value="50233a0b-58bf-4efd-92cc-5891c5d38547"/>
         <property name="deviceId" value="1ca69abf"/>
         <property name="deviceName" value="samsung SM-G900F (Android 7.1.2)"/>
         <property name="proxyInformation" value="ProxyInformation{proxyOption=NO_PROXY, proxyServerType=HTTP, password=, proxyServerAddress=, proxyServerPort=0}"/>
         <property name="deviceOSVersion" value="7.1.2"/>
         <property name="platform" value="Windows 10"/>
         <property name="browser" value="Chrome 65.0.3325.109"/>
         <property name="deviceModel" value="SM-G900F"/>
         <property name="hostAddress" value="192.168.99.1"/>
         <property name="deviceManufacturer" value="samsung"/>
         <property name="seleniumVersion" value="3.7.1"/>
      </properties>
      <testcase name="Test Cases/EPD/Test Cases/TC_MaakPatientAan_ControleerPatient_VoegBehandelingToe_VerwijderPatient" classname="Test Cases/EPD/Test Cases/TC_MaakPatientAan_ControleerPatient_VoegBehandelingToe_VerwijderPatient" status="FAILED">
         <failure type="FAILED" message="Unable to select option by value '6' of object 'Object Repository/EPD/UI/Page_EPD online (1)/select_JanuaryFebruaryMarchApr'  using regular expression (Root cause: org.openqa.selenium.WebDriverException: unknown error: call function result missing 'value'
  (Session info: chrome=65.0.3325.109)
  (Driver info: chromedriver=2.33.506120 (e3e53437346286c0bc2d2dc9aa4915ba81d9023f),platform=Windows NT 10.0.16299 x86_64) (WARNING: The server did not provide any stacktrace information)
Command duration or timeout: 0 milliseconds
Build info: version: '3.7.1', revision: '8a0099a', time: '2017-11-06T21:07:36.161Z'
System info: host: 'MENLAP', ip: '192.168.99.1', os.name: 'Windows 10', os.arch: 'amd64', os.version: '10.0', java.version: '1.8.0_102'
Driver info: com.kms.katalon.core.appium.driver.SwipeableAndroidDriver
Capabilities {browserName: Chrome, databaseEnabled: false, desired: {browserName: Chrome, deviceId: 1ca69abf, deviceName: samsung SM-G900F (Android 7..., newCommandTimeout: 1800, platform: ANDROID, platformName: android, udid: 1ca69abf}, deviceId: 1ca69abf, deviceManufacturer: samsung, deviceModel: SM-G900F, deviceName: 1ca69abf, deviceScreenSize: 1080x1920, deviceUDID: 1ca69abf, javascriptEnabled: true, locationContextEnabled: false, networkConnectionEnabled: true, newCommandTimeout: 1800, platform: ANDROID, platformName: ANDROID, platformVersion: 7.1.2, takesScreenshot: true, udid: 1ca69abf, warnings: {}, webStorageEnabled: false}
Session ID: 3161d2a2-fe1a-479c-8506-2c1fcea6d567)"/>
         <system-out><![CDATA[2018-03-18 13:38:40 - [TEST_CASE][FAILED] - Test Cases/EPD/Test Cases/TC_MaakPatientAan_ControleerPatient_VoegBehandelingToe_VerwijderPatient: Test Cases/EPD/Test Cases/TC_MaakPatientAan_ControleerPatient_VoegBehandelingToe_VerwijderPatient FAILED because (of) Unable to select option by value '6' of object 'Object Repository/EPD/UI/Page_EPD online (1)/select_JanuaryFebruaryMarchApr'  using regular expression (Root cause: org.openqa.selenium.WebDriverException: unknown error: call function result missing 'value'
  (Session info: chrome=65.0.3325.109)
  (Driver info: chromedriver=2.33.506120 (e3e53437346286c0bc2d2dc9aa4915ba81d9023f),platform=Windows NT 10.0.16299 x86_64) (WARNING: The server did not provide any stacktrace information)
Command duration or timeout: 0 milliseconds
Build info: version: '3.7.1', revision: '8a0099a', time: '2017-11-06T21:07:36.161Z'
System info: host: 'MENLAP', ip: '192.168.99.1', os.name: 'Windows 10', os.arch: 'amd64', os.version: '10.0', java.version: '1.8.0_102'
Driver info: com.kms.katalon.core.appium.driver.SwipeableAndroidDriver
Capabilities {browserName: Chrome, databaseEnabled: false, desired: {browserName: Chrome, deviceId: 1ca69abf, deviceName: samsung SM-G900F (Android 7..., newCommandTimeout: 1800, platform: ANDROID, platformName: android, udid: 1ca69abf}, deviceId: 1ca69abf, deviceManufacturer: samsung, deviceModel: SM-G900F, deviceName: 1ca69abf, deviceScreenSize: 1080x1920, deviceUDID: 1ca69abf, javascriptEnabled: true, locationContextEnabled: false, networkConnectionEnabled: true, newCommandTimeout: 1800, platform: ANDROID, platformName: ANDROID, platformVersion: 7.1.2, takesScreenshot: true, udid: 1ca69abf, warnings: {}, webStorageEnabled: false}
Session ID: 3161d2a2-fe1a-479c-8506-2c1fcea6d567)

2018-03-18 13:38:40 - [TEST_STEP][PASSED] - callTestCase: Call Test Case 'Test Cases/EPD/Components/Rest/MaakPatientAanVoorZiekenhuisA' successfully

2018-03-18 13:38:40 - [TEST_CASE][PASSED] - Test Cases/EPD/Components/Rest/MaakPatientAanVoorZiekenhuisA: Test Cases/EPD/Components/Rest/MaakPatientAanVoorZiekenhuisA

2018-03-18 13:38:40 - [TEST_STEP][PASSED] - Statement - response = com.kms.katalon.core.webservice.keyword.WSBuiltInKeywords.sendRequest(com.kms.katalon.core.testobject.ObjectRepository.findTestObject(EPD/Rest/REST_postPatientDeTesterForHospitalA)): Send request successfully

2018-03-18 13:38:41 - [MESSAGE][PASSED] - Send request successfully

2018-03-18 13:38:41 - [TEST_STEP][PASSED] - Statement - println(response): null

2018-03-18 13:38:41 - [MESSAGE][PASSED] - Call Test Case 'Test Cases/EPD/Components/Rest/MaakPatientAanVoorZiekenhuisA' successfully

2018-03-18 13:38:41 - [TEST_STEP][PASSED] - callTestCase: Call Test Case 'Test Cases/EPD/Components/UI/StartBrowser' successfully

2018-03-18 13:38:42 - [TEST_CASE][PASSED] - Test Cases/EPD/Components/UI/StartBrowser: Test Cases/EPD/Components/UI/StartBrowser

2018-03-18 13:38:42 - [TEST_STEP][PASSED] - openBrowser: Browser is opened with url: 'https://epdonline.herokuapp.com/'

2018-03-18 13:39:10 - [MESSAGE][PASSED] - Browser is opened with url: 'https://epdonline.herokuapp.com/'

2018-03-18 13:39:10 - [MESSAGE][PASSED] - Call Test Case 'Test Cases/EPD/Components/UI/StartBrowser' successfully

2018-03-18 13:39:10 - [TEST_STEP][PASSED] - click: Object: 'Object Repository/EPD/UI/Page_EPD online/a_Open EPD' is clicked on

2018-03-18 13:39:10 - [MESSAGE][PASSED] - Object: 'Object Repository/EPD/UI/Page_EPD online/a_Open EPD' is clicked on

2018-03-18 13:39:10 - [TEST_STEP][PASSED] - click: Object: 'Object Repository/EPD/UI/Page_EPD online/a_Overzicht patienten' is clicked on

2018-03-18 13:39:11 - [MESSAGE][PASSED] - Object: 'Object Repository/EPD/UI/Page_EPD online/a_Overzicht patienten' is clicked on

2018-03-18 13:39:11 - [TEST_STEP][PASSED] - callTestCase: Call Test Case 'Test Cases/EPD/Components/UI/VerifieerPatient' successfully

2018-03-18 13:39:11 - [TEST_CASE][PASSED] - Test Cases/EPD/Components/UI/VerifieerPatient: Test Cases/EPD/Components/UI/VerifieerPatient

2018-03-18 13:39:11 - [TEST_STEP][PASSED] - verifyTextPresent: Text 'de Tester' is present on page 

2018-03-18 13:39:12 - [MESSAGE][PASSED] - Text 'de Tester' is present on page 

2018-03-18 13:39:12 - [MESSAGE][PASSED] - Call Test Case 'Test Cases/EPD/Components/UI/VerifieerPatient' successfully

2018-03-18 13:39:12 - [TEST_STEP][PASSED] - click: Object: 'Object Repository/EPD/UI/Page_EPD online (1)/a_Details' is clicked on

2018-03-18 13:39:13 - [MESSAGE][PASSED] - Object: 'Object Repository/EPD/UI/Page_EPD online (1)/a_Details' is clicked on

2018-03-18 13:39:13 - [TEST_STEP][PASSED] - click: Object: 'Object Repository/EPD/UI/Page_EPD online (1)/a_Behandeling toevoegen' is clicked on

2018-03-18 13:39:13 - [MESSAGE][PASSED] - Object: 'Object Repository/EPD/UI/Page_EPD online (1)/a_Behandeling toevoegen' is clicked on

2018-03-18 13:39:13 - [TEST_STEP][FAILED] - callTestCase: Unable to call Test Case with id 'Test Cases/EPD/Components/UI/VoegBehandelingToe' (Root cause: Call Test Case 'Test Cases/EPD/Components/UI/VoegBehandelingToe' failed)

2018-03-18 13:39:13 - [TEST_CASE][FAILED] - Test Cases/EPD/Components/UI/VoegBehandelingToe: Test Cases/EPD/Components/UI/VoegBehandelingToe FAILED because (of) Unable to select option by value '6' of object 'Object Repository/EPD/UI/Page_EPD online (1)/select_JanuaryFebruaryMarchApr'  using regular expression (Root cause: org.openqa.selenium.WebDriverException: unknown error: call function result missing 'value'
  (Session info: chrome=65.0.3325.109)
  (Driver info: chromedriver=2.33.506120 (e3e53437346286c0bc2d2dc9aa4915ba81d9023f),platform=Windows NT 10.0.16299 x86_64) (WARNING: The server did not provide any stacktrace information)
Command duration or timeout: 0 milliseconds
Build info: version: '3.7.1', revision: '8a0099a', time: '2017-11-06T21:07:36.161Z'
System info: host: 'MENLAP', ip: '192.168.99.1', os.name: 'Windows 10', os.arch: 'amd64', os.version: '10.0', java.version: '1.8.0_102'
Driver info: com.kms.katalon.core.appium.driver.SwipeableAndroidDriver
Capabilities {browserName: Chrome, databaseEnabled: false, desired: {browserName: Chrome, deviceId: 1ca69abf, deviceName: samsung SM-G900F (Android 7..., newCommandTimeout: 1800, platform: ANDROID, platformName: android, udid: 1ca69abf}, deviceId: 1ca69abf, deviceManufacturer: samsung, deviceModel: SM-G900F, deviceName: 1ca69abf, deviceScreenSize: 1080x1920, deviceUDID: 1ca69abf, javascriptEnabled: true, locationContextEnabled: false, networkConnectionEnabled: true, newCommandTimeout: 1800, platform: ANDROID, platformName: ANDROID, platformVersion: 7.1.2, takesScreenshot: true, udid: 1ca69abf, warnings: {}, webStorageEnabled: false}
Session ID: 3161d2a2-fe1a-479c-8506-2c1fcea6d567)

2018-03-18 13:39:13 - [TEST_STEP][PASSED] - selectOptionByValue: All options with value '18' are selected in object 'Object Repository/EPD/UI/Page_EPD online (1)/select_12345678910111213141516'  using regular expression

2018-03-18 13:39:18 - [MESSAGE][PASSED] - All options with value '18' are selected in object 'Object Repository/EPD/UI/Page_EPD online (1)/select_12345678910111213141516'  using regular expression

2018-03-18 13:39:18 - [TEST_STEP][FAILED] - selectOptionByValue: Unable to select option by value '6' of object 'Object Repository/EPD/UI/Page_EPD online (1)/select_JanuaryFebruaryMarchApr'  using regular expression (Root cause: org.openqa.selenium.WebDriverException: unknown error: call function result missing 'value'
  (Session info: chrome=65.0.3325.109)
  (Driver info: chromedriver=2.33.506120 (e3e53437346286c0bc2d2dc9aa4915ba81d9023f),platform=Windows NT 10.0.16299 x86_64) (WARNING: The server did not provide any stacktrace information)
Command duration or timeout: 0 milliseconds
Build info: version: '3.7.1', revision: '8a0099a', time: '2017-11-06T21:07:36.161Z'
System info: host: 'MENLAP', ip: '192.168.99.1', os.name: 'Windows 10', os.arch: 'amd64', os.version: '10.0', java.version: '1.8.0_102'
Driver info: com.kms.katalon.core.appium.driver.SwipeableAndroidDriver
Capabilities {browserName: Chrome, databaseEnabled: false, desired: {browserName: Chrome, deviceId: 1ca69abf, deviceName: samsung SM-G900F (Android 7..., newCommandTimeout: 1800, platform: ANDROID, platformName: android, udid: 1ca69abf}, deviceId: 1ca69abf, deviceManufacturer: samsung, deviceModel: SM-G900F, deviceName: 1ca69abf, deviceScreenSize: 1080x1920, deviceUDID: 1ca69abf, javascriptEnabled: true, locationContextEnabled: false, networkConnectionEnabled: true, newCommandTimeout: 1800, platform: ANDROID, platformName: ANDROID, platformVersion: 7.1.2, takesScreenshot: true, udid: 1ca69abf, warnings: {}, webStorageEnabled: false}
Session ID: 3161d2a2-fe1a-479c-8506-2c1fcea6d567)

2018-03-18 13:39:21 - [MESSAGE][FAILED] - Unable to select option by value '6' of object 'Object Repository/EPD/UI/Page_EPD online (1)/select_JanuaryFebruaryMarchApr'  using regular expression (Root cause: org.openqa.selenium.WebDriverException: unknown error: call function result missing 'value'
  (Session info: chrome=65.0.3325.109)
  (Driver info: chromedriver=2.33.506120 (e3e53437346286c0bc2d2dc9aa4915ba81d9023f),platform=Windows NT 10.0.16299 x86_64) (WARNING: The server did not provide any stacktrace information)
Command duration or timeout: 0 milliseconds
Build info: version: '3.7.1', revision: '8a0099a', time: '2017-11-06T21:07:36.161Z'
System info: host: 'MENLAP', ip: '192.168.99.1', os.name: 'Windows 10', os.arch: 'amd64', os.version: '10.0', java.version: '1.8.0_102'
Driver info: com.kms.katalon.core.appium.driver.SwipeableAndroidDriver
Capabilities {browserName: Chrome, databaseEnabled: false, desired: {browserName: Chrome, deviceId: 1ca69abf, deviceName: samsung SM-G900F (Android 7..., newCommandTimeout: 1800, platform: ANDROID, platformName: android, udid: 1ca69abf}, deviceId: 1ca69abf, deviceManufacturer: samsung, deviceModel: SM-G900F, deviceName: 1ca69abf, deviceScreenSize: 1080x1920, deviceUDID: 1ca69abf, javascriptEnabled: true, locationContextEnabled: false, networkConnectionEnabled: true, newCommandTimeout: 1800, platform: ANDROID, platformName: ANDROID, platformVersion: 7.1.2, takesScreenshot: true, udid: 1ca69abf, warnings: {}, webStorageEnabled: false}
Session ID: 3161d2a2-fe1a-479c-8506-2c1fcea6d567)
[[ATTACHMENT|C:\\Users\\mslin\\katalonstudio\\sampleWeb\\Reports\\TS_DemoEPD\\20180318_133833\\1521376761061.png]]

2018-03-18 13:39:21 - [MESSAGE][FAILED] - Unable to call Test Case with id 'Test Cases/EPD/Components/UI/VoegBehandelingToe' (Root cause: Call Test Case 'Test Cases/EPD/Components/UI/VoegBehandelingToe' failed)]]></system-out>
         <system-err><![CDATA[2018-03-18 13:38:40 - [TEST_CASE][FAILED] - Test Cases/EPD/Test Cases/TC_MaakPatientAan_ControleerPatient_VoegBehandelingToe_VerwijderPatient: Test Cases/EPD/Test Cases/TC_MaakPatientAan_ControleerPatient_VoegBehandelingToe_VerwijderPatient FAILED because (of) Unable to select option by value '6' of object 'Object Repository/EPD/UI/Page_EPD online (1)/select_JanuaryFebruaryMarchApr'  using regular expression (Root cause: org.openqa.selenium.WebDriverException: unknown error: call function result missing 'value'
  (Session info: chrome=65.0.3325.109)
  (Driver info: chromedriver=2.33.506120 (e3e53437346286c0bc2d2dc9aa4915ba81d9023f),platform=Windows NT 10.0.16299 x86_64) (WARNING: The server did not provide any stacktrace information)
Command duration or timeout: 0 milliseconds
Build info: version: '3.7.1', revision: '8a0099a', time: '2017-11-06T21:07:36.161Z'
System info: host: 'MENLAP', ip: '192.168.99.1', os.name: 'Windows 10', os.arch: 'amd64', os.version: '10.0', java.version: '1.8.0_102'
Driver info: com.kms.katalon.core.appium.driver.SwipeableAndroidDriver
Capabilities {browserName: Chrome, databaseEnabled: false, desired: {browserName: Chrome, deviceId: 1ca69abf, deviceName: samsung SM-G900F (Android 7..., newCommandTimeout: 1800, platform: ANDROID, platformName: android, udid: 1ca69abf}, deviceId: 1ca69abf, deviceManufacturer: samsung, deviceModel: SM-G900F, deviceName: 1ca69abf, deviceScreenSize: 1080x1920, deviceUDID: 1ca69abf, javascriptEnabled: true, locationContextEnabled: false, networkConnectionEnabled: true, newCommandTimeout: 1800, platform: ANDROID, platformName: ANDROID, platformVersion: 7.1.2, takesScreenshot: true, udid: 1ca69abf, warnings: {}, webStorageEnabled: false}
Session ID: 3161d2a2-fe1a-479c-8506-2c1fcea6d567)]]></system-err>
      </testcase>
      <testcase name="Test Cases/EPD/Test Cases/TC_MaakPatientAan_ControleerPatient_VoegBehandelingToe_VerwijderPatient" classname="Test Cases/EPD/Test Cases/TC_MaakPatientAan_ControleerPatient_VoegBehandelingToe_VerwijderPatient" status="FAILED">
         <failure type="FAILED" message="Unable to verify text 'de Tester' is present  (Root cause: org.openqa.selenium.StaleElementReferenceException: stale element reference: element is not attached to the page document
  (Session info: chrome=65.0.3325.109)
  (Driver info: chromedriver=2.33.506120 (e3e53437346286c0bc2d2dc9aa4915ba81d9023f),platform=Windows NT 10.0.16299 x86_64) (WARNING: The server did not provide any stacktrace information)
Command duration or timeout: 0 milliseconds
For documentation on this error, please visit: http://seleniumhq.org/exceptions/stale_element_reference.html
Build info: version: '3.7.1', revision: '8a0099a', time: '2017-11-06T21:07:36.161Z'
System info: host: 'MENLAP', ip: '192.168.99.1', os.name: 'Windows 10', os.arch: 'amd64', os.version: '10.0', java.version: '1.8.0_102'
Driver info: com.kms.katalon.core.appium.driver.SwipeableAndroidDriver
Capabilities {browserName: Chrome, databaseEnabled: false, desired: {browserName: Chrome, deviceId: 1ca69abf, deviceName: samsung SM-G900F (Android 7..., newCommandTimeout: 1800, platform: ANDROID, platformName: android, udid: 1ca69abf}, deviceId: 1ca69abf, deviceManufacturer: samsung, deviceModel: SM-G900F, deviceName: 1ca69abf, deviceScreenSize: 1080x1920, deviceUDID: 1ca69abf, javascriptEnabled: true, locationContextEnabled: false, networkConnectionEnabled: true, newCommandTimeout: 1800, platform: ANDROID, platformName: ANDROID, platformVersion: 7.1.2, takesScreenshot: true, udid: 1ca69abf, warnings: {}, webStorageEnabled: false}
Session ID: 50233a0b-58bf-4efd-92cc-5891c5d38547)"/>
         <system-out><![CDATA[2018-03-18 13:39:21 - [TEST_CASE][FAILED] - Test Cases/EPD/Test Cases/TC_MaakPatientAan_ControleerPatient_VoegBehandelingToe_VerwijderPatient: Test Cases/EPD/Test Cases/TC_MaakPatientAan_ControleerPatient_VoegBehandelingToe_VerwijderPatient FAILED because (of) Unable to verify text 'de Tester' is present  (Root cause: org.openqa.selenium.StaleElementReferenceException: stale element reference: element is not attached to the page document
  (Session info: chrome=65.0.3325.109)
  (Driver info: chromedriver=2.33.506120 (e3e53437346286c0bc2d2dc9aa4915ba81d9023f),platform=Windows NT 10.0.16299 x86_64) (WARNING: The server did not provide any stacktrace information)
Command duration or timeout: 0 milliseconds
For documentation on this error, please visit: http://seleniumhq.org/exceptions/stale_element_reference.html
Build info: version: '3.7.1', revision: '8a0099a', time: '2017-11-06T21:07:36.161Z'
System info: host: 'MENLAP', ip: '192.168.99.1', os.name: 'Windows 10', os.arch: 'amd64', os.version: '10.0', java.version: '1.8.0_102'
Driver info: com.kms.katalon.core.appium.driver.SwipeableAndroidDriver
Capabilities {browserName: Chrome, databaseEnabled: false, desired: {browserName: Chrome, deviceId: 1ca69abf, deviceName: samsung SM-G900F (Android 7..., newCommandTimeout: 1800, platform: ANDROID, platformName: android, udid: 1ca69abf}, deviceId: 1ca69abf, deviceManufacturer: samsung, deviceModel: SM-G900F, deviceName: 1ca69abf, deviceScreenSize: 1080x1920, deviceUDID: 1ca69abf, javascriptEnabled: true, locationContextEnabled: false, networkConnectionEnabled: true, newCommandTimeout: 1800, platform: ANDROID, platformName: ANDROID, platformVersion: 7.1.2, takesScreenshot: true, udid: 1ca69abf, warnings: {}, webStorageEnabled: false}
Session ID: 50233a0b-58bf-4efd-92cc-5891c5d38547)

2018-03-18 13:39:21 - [TEST_STEP][PASSED] - callTestCase: Call Test Case 'Test Cases/EPD/Components/Rest/MaakPatientAanVoorZiekenhuisA' successfully

2018-03-18 13:39:21 - [TEST_CASE][PASSED] - Test Cases/EPD/Components/Rest/MaakPatientAanVoorZiekenhuisA: Test Cases/EPD/Components/Rest/MaakPatientAanVoorZiekenhuisA

2018-03-18 13:39:21 - [TEST_STEP][PASSED] - Statement - response = com.kms.katalon.core.webservice.keyword.WSBuiltInKeywords.sendRequest(com.kms.katalon.core.testobject.ObjectRepository.findTestObject(EPD/Rest/REST_postPatientDeTesterForHospitalA)): Send request successfully

2018-03-18 13:39:21 - [MESSAGE][PASSED] - Send request successfully

2018-03-18 13:39:21 - [TEST_STEP][PASSED] - Statement - println(response): null

2018-03-18 13:39:21 - [MESSAGE][PASSED] - Call Test Case 'Test Cases/EPD/Components/Rest/MaakPatientAanVoorZiekenhuisA' successfully

2018-03-18 13:39:21 - [TEST_STEP][PASSED] - callTestCase: Call Test Case 'Test Cases/EPD/Components/UI/StartBrowser' successfully

2018-03-18 13:39:21 - [TEST_CASE][PASSED] - Test Cases/EPD/Components/UI/StartBrowser: Test Cases/EPD/Components/UI/StartBrowser

2018-03-18 13:39:21 - [TEST_STEP][PASSED] - openBrowser: Browser is opened with url: 'https://epdonline.herokuapp.com/'

2018-03-18 13:39:21 - [MESSAGE][WARNING] - A browser is already opened. Closing browser and opening a new one

2018-03-18 13:39:53 - [MESSAGE][PASSED] - Browser is opened with url: 'https://epdonline.herokuapp.com/'

2018-03-18 13:39:53 - [MESSAGE][PASSED] - Call Test Case 'Test Cases/EPD/Components/UI/StartBrowser' successfully

2018-03-18 13:39:53 - [TEST_STEP][PASSED] - click: Object: 'Object Repository/EPD/UI/Page_EPD online/a_Open EPD' is clicked on

2018-03-18 13:39:53 - [MESSAGE][PASSED] - Object: 'Object Repository/EPD/UI/Page_EPD online/a_Open EPD' is clicked on

2018-03-18 13:39:53 - [TEST_STEP][PASSED] - click: Object: 'Object Repository/EPD/UI/Page_EPD online/a_Overzicht patienten' is clicked on

2018-03-18 13:39:54 - [MESSAGE][PASSED] - Object: 'Object Repository/EPD/UI/Page_EPD online/a_Overzicht patienten' is clicked on

2018-03-18 13:39:54 - [TEST_STEP][FAILED] - callTestCase: Unable to call Test Case with id 'Test Cases/EPD/Components/UI/VerifieerPatient' (Root cause: Call Test Case 'Test Cases/EPD/Components/UI/VerifieerPatient' failed)

2018-03-18 13:39:54 - [TEST_CASE][FAILED] - Test Cases/EPD/Components/UI/VerifieerPatient: Test Cases/EPD/Components/UI/VerifieerPatient FAILED because (of) Unable to verify text 'de Tester' is present  (Root cause: org.openqa.selenium.StaleElementReferenceException: stale element reference: element is not attached to the page document
  (Session info: chrome=65.0.3325.109)
  (Driver info: chromedriver=2.33.506120 (e3e53437346286c0bc2d2dc9aa4915ba81d9023f),platform=Windows NT 10.0.16299 x86_64) (WARNING: The server did not provide any stacktrace information)
Command duration or timeout: 0 milliseconds
For documentation on this error, please visit: http://seleniumhq.org/exceptions/stale_element_reference.html
Build info: version: '3.7.1', revision: '8a0099a', time: '2017-11-06T21:07:36.161Z'
System info: host: 'MENLAP', ip: '192.168.99.1', os.name: 'Windows 10', os.arch: 'amd64', os.version: '10.0', java.version: '1.8.0_102'
Driver info: com.kms.katalon.core.appium.driver.SwipeableAndroidDriver
Capabilities {browserName: Chrome, databaseEnabled: false, desired: {browserName: Chrome, deviceId: 1ca69abf, deviceName: samsung SM-G900F (Android 7..., newCommandTimeout: 1800, platform: ANDROID, platformName: android, udid: 1ca69abf}, deviceId: 1ca69abf, deviceManufacturer: samsung, deviceModel: SM-G900F, deviceName: 1ca69abf, deviceScreenSize: 1080x1920, deviceUDID: 1ca69abf, javascriptEnabled: true, locationContextEnabled: false, networkConnectionEnabled: true, newCommandTimeout: 1800, platform: ANDROID, platformName: ANDROID, platformVersion: 7.1.2, takesScreenshot: true, udid: 1ca69abf, warnings: {}, webStorageEnabled: false}
Session ID: 50233a0b-58bf-4efd-92cc-5891c5d38547)

2018-03-18 13:39:54 - [TEST_STEP][FAILED] - verifyTextPresent: Unable to verify text 'de Tester' is present  (Root cause: org.openqa.selenium.StaleElementReferenceException: stale element reference: element is not attached to the page document
  (Session info: chrome=65.0.3325.109)
  (Driver info: chromedriver=2.33.506120 (e3e53437346286c0bc2d2dc9aa4915ba81d9023f),platform=Windows NT 10.0.16299 x86_64) (WARNING: The server did not provide any stacktrace information)
Command duration or timeout: 0 milliseconds
For documentation on this error, please visit: http://seleniumhq.org/exceptions/stale_element_reference.html
Build info: version: '3.7.1', revision: '8a0099a', time: '2017-11-06T21:07:36.161Z'
System info: host: 'MENLAP', ip: '192.168.99.1', os.name: 'Windows 10', os.arch: 'amd64', os.version: '10.0', java.version: '1.8.0_102'
Driver info: com.kms.katalon.core.appium.driver.SwipeableAndroidDriver
Capabilities {browserName: Chrome, databaseEnabled: false, desired: {browserName: Chrome, deviceId: 1ca69abf, deviceName: samsung SM-G900F (Android 7..., newCommandTimeout: 1800, platform: ANDROID, platformName: android, udid: 1ca69abf}, deviceId: 1ca69abf, deviceManufacturer: samsung, deviceModel: SM-G900F, deviceName: 1ca69abf, deviceScreenSize: 1080x1920, deviceUDID: 1ca69abf, javascriptEnabled: true, locationContextEnabled: false, networkConnectionEnabled: true, newCommandTimeout: 1800, platform: ANDROID, platformName: ANDROID, platformVersion: 7.1.2, takesScreenshot: true, udid: 1ca69abf, warnings: {}, webStorageEnabled: false}
Session ID: 50233a0b-58bf-4efd-92cc-5891c5d38547)

2018-03-18 13:39:55 - [MESSAGE][FAILED] - Unable to verify text 'de Tester' is present  (Root cause: org.openqa.selenium.StaleElementReferenceException: stale element reference: element is not attached to the page document
  (Session info: chrome=65.0.3325.109)
  (Driver info: chromedriver=2.33.506120 (e3e53437346286c0bc2d2dc9aa4915ba81d9023f),platform=Windows NT 10.0.16299 x86_64) (WARNING: The server did not provide any stacktrace information)
Command duration or timeout: 0 milliseconds
For documentation on this error, please visit: http://seleniumhq.org/exceptions/stale_element_reference.html
Build info: version: '3.7.1', revision: '8a0099a', time: '2017-11-06T21:07:36.161Z'
System info: host: 'MENLAP', ip: '192.168.99.1', os.name: 'Windows 10', os.arch: 'amd64', os.version: '10.0', java.version: '1.8.0_102'
Driver info: com.kms.katalon.core.appium.driver.SwipeableAndroidDriver
Capabilities {browserName: Chrome, databaseEnabled: false, desired: {browserName: Chrome, deviceId: 1ca69abf, deviceName: samsung SM-G900F (Android 7..., newCommandTimeout: 1800, platform: ANDROID, platformName: android, udid: 1ca69abf}, deviceId: 1ca69abf, deviceManufacturer: samsung, deviceModel: SM-G900F, deviceName: 1ca69abf, deviceScreenSize: 1080x1920, deviceUDID: 1ca69abf, javascriptEnabled: true, locationContextEnabled: false, networkConnectionEnabled: true, newCommandTimeout: 1800, platform: ANDROID, platformName: ANDROID, platformVersion: 7.1.2, takesScreenshot: true, udid: 1ca69abf, warnings: {}, webStorageEnabled: false}
Session ID: 50233a0b-58bf-4efd-92cc-5891c5d38547)
[[ATTACHMENT|C:\\Users\\mslin\\katalonstudio\\sampleWeb\\Reports\\TS_DemoEPD\\20180318_133833\\1521376794842.png]]

2018-03-18 13:39:55 - [MESSAGE][FAILED] - Unable to call Test Case with id 'Test Cases/EPD/Components/UI/VerifieerPatient' (Root cause: Call Test Case 'Test Cases/EPD/Components/UI/VerifieerPatient' failed)]]></system-out>
         <system-err><![CDATA[2018-03-18 13:39:21 - [TEST_CASE][FAILED] - Test Cases/EPD/Test Cases/TC_MaakPatientAan_ControleerPatient_VoegBehandelingToe_VerwijderPatient: Test Cases/EPD/Test Cases/TC_MaakPatientAan_ControleerPatient_VoegBehandelingToe_VerwijderPatient FAILED because (of) Unable to verify text 'de Tester' is present  (Root cause: org.openqa.selenium.StaleElementReferenceException: stale element reference: element is not attached to the page document
  (Session info: chrome=65.0.3325.109)
  (Driver info: chromedriver=2.33.506120 (e3e53437346286c0bc2d2dc9aa4915ba81d9023f),platform=Windows NT 10.0.16299 x86_64) (WARNING: The server did not provide any stacktrace information)
Command duration or timeout: 0 milliseconds
For documentation on this error, please visit: http://seleniumhq.org/exceptions/stale_element_reference.html
Build info: version: '3.7.1', revision: '8a0099a', time: '2017-11-06T21:07:36.161Z'
System info: host: 'MENLAP', ip: '192.168.99.1', os.name: 'Windows 10', os.arch: 'amd64', os.version: '10.0', java.version: '1.8.0_102'
Driver info: com.kms.katalon.core.appium.driver.SwipeableAndroidDriver
Capabilities {browserName: Chrome, databaseEnabled: false, desired: {browserName: Chrome, deviceId: 1ca69abf, deviceName: samsung SM-G900F (Android 7..., newCommandTimeout: 1800, platform: ANDROID, platformName: android, udid: 1ca69abf}, deviceId: 1ca69abf, deviceManufacturer: samsung, deviceModel: SM-G900F, deviceName: 1ca69abf, deviceScreenSize: 1080x1920, deviceUDID: 1ca69abf, javascriptEnabled: true, locationContextEnabled: false, networkConnectionEnabled: true, newCommandTimeout: 1800, platform: ANDROID, platformName: ANDROID, platformVersion: 7.1.2, takesScreenshot: true, udid: 1ca69abf, warnings: {}, webStorageEnabled: false}
Session ID: 50233a0b-58bf-4efd-92cc-5891c5d38547)]]></system-err>
      </testcase>
      <system-out><![CDATA[2018-03-18 13:38:40 - [TEST_SUITE][FAILED] - TS_DemoEPD: Test Cases/EPD/Test Cases/TC_MaakPatientAan_ControleerPatient_VoegBehandelingToe_VerwijderPatient FAILED because (of) Unable to select option by value '6' of object 'Object Repository/EPD/UI/Page_EPD online (1)/select_JanuaryFebruaryMarchApr'  using regular expression (Root cause: org.openqa.selenium.WebDriverException: unknown error: call function result missing 'value'
  (Session info: chrome=65.0.3325.109)
  (Driver info: chromedriver=2.33.506120 (e3e53437346286c0bc2d2dc9aa4915ba81d9023f),platform=Windows NT 10.0.16299 x86_64) (WARNING: The server did not provide any stacktrace information)
Command duration or timeout: 0 milliseconds
Build info: version: '3.7.1', revision: '8a0099a', time: '2017-11-06T21:07:36.161Z'
System info: host: 'MENLAP', ip: '192.168.99.1', os.name: 'Windows 10', os.arch: 'amd64', os.version: '10.0', java.version: '1.8.0_102'
Driver info: com.kms.katalon.core.appium.driver.SwipeableAndroidDriver
Capabilities {browserName: Chrome, databaseEnabled: false, desired: {browserName: Chrome, deviceId: 1ca69abf, deviceName: samsung SM-G900F (Android 7..., newCommandTimeout: 1800, platform: ANDROID, platformName: android, udid: 1ca69abf}, deviceId: 1ca69abf, deviceManufacturer: samsung, deviceModel: SM-G900F, deviceName: 1ca69abf, deviceScreenSize: 1080x1920, deviceUDID: 1ca69abf, javascriptEnabled: true, locationContextEnabled: false, networkConnectionEnabled: true, newCommandTimeout: 1800, platform: ANDROID, platformName: ANDROID, platformVersion: 7.1.2, takesScreenshot: true, udid: 1ca69abf, warnings: {}, webStorageEnabled: false}
Session ID: 3161d2a2-fe1a-479c-8506-2c1fcea6d567)]]></system-out>
      <system-err><![CDATA[2018-03-18 13:38:40 - [TEST_SUITE][FAILED] - TS_DemoEPD: Test Cases/EPD/Test Cases/TC_MaakPatientAan_ControleerPatient_VoegBehandelingToe_VerwijderPatient FAILED because (of) Unable to select option by value '6' of object 'Object Repository/EPD/UI/Page_EPD online (1)/select_JanuaryFebruaryMarchApr'  using regular expression (Root cause: org.openqa.selenium.WebDriverException: unknown error: call function result missing 'value'
  (Session info: chrome=65.0.3325.109)
  (Driver info: chromedriver=2.33.506120 (e3e53437346286c0bc2d2dc9aa4915ba81d9023f),platform=Windows NT 10.0.16299 x86_64) (WARNING: The server did not provide any stacktrace information)
Command duration or timeout: 0 milliseconds
Build info: version: '3.7.1', revision: '8a0099a', time: '2017-11-06T21:07:36.161Z'
System info: host: 'MENLAP', ip: '192.168.99.1', os.name: 'Windows 10', os.arch: 'amd64', os.version: '10.0', java.version: '1.8.0_102'
Driver info: com.kms.katalon.core.appium.driver.SwipeableAndroidDriver
Capabilities {browserName: Chrome, databaseEnabled: false, desired: {browserName: Chrome, deviceId: 1ca69abf, deviceName: samsung SM-G900F (Android 7..., newCommandTimeout: 1800, platform: ANDROID, platformName: android, udid: 1ca69abf}, deviceId: 1ca69abf, deviceManufacturer: samsung, deviceModel: SM-G900F, deviceName: 1ca69abf, deviceScreenSize: 1080x1920, deviceUDID: 1ca69abf, javascriptEnabled: true, locationContextEnabled: false, networkConnectionEnabled: true, newCommandTimeout: 1800, platform: ANDROID, platformName: ANDROID, platformVersion: 7.1.2, takesScreenshot: true, udid: 1ca69abf, warnings: {}, webStorageEnabled: false}
Session ID: 3161d2a2-fe1a-479c-8506-2c1fcea6d567)]]></system-err>
   </testsuite>
</testsuites>
