<?xml version="1.0" encoding="UTF-8"?>
<testsuites name="TS_RegressionTest" time="12" tests="1" failures="1" errors="0">
   <testsuite name="TS_RegressionTest" tests="1" failures="1" errors="0" time="12" timestamp="2018-03-09 09:03:30" hostname="mslin - menLap" id="Test Suites/TS_RegressionTest">
      <properties>
         <property name="deviceName" value=""/>
         <property name="devicePlatform" value=""/>
         <property name="logFolder" value="C:\\Users\\mslin\\Katalon Studio\\sampleWeb\\Reports\\TS_RegressionTest\\20180309_090328"/>
         <property name="logFiles" value="C:\\Users\\mslin\\Katalon Studio\\sampleWeb\\Reports\\TS_RegressionTest\\20180309_090328\\execution0.log"/>
         <property name="attachments" value="C:\\Users\\mslin\\Katalon Studio\\sampleWeb\\Reports\\TS_RegressionTest\\20180309_090328\\1520582622191.png"/>
         <property name="hostName" value="mslin - menLap"/>
         <property name="os" value="Windows 10 64bit"/>
         <property name="katalonVersion" value="5.3.0.1"/>
         <property name="browser" value="Chrome 65.0.3325.146"/>
         <property name="hostAddress" value="10.21.0.58"/>
         <property name="sessionId" value="163b706feee3d2a8b51669ac74b47f1f"/>
         <property name="seleniumVersion" value="3.7.1"/>
         <property name="proxyInformation" value="ProxyInformation{proxyOption=NO_PROXY, proxyServerType=HTTP, password=, proxyServerAddress=, proxyServerPort=0}"/>
         <property name="platform" value="Windows 10"/>
      </properties>
      <testcase name="Test Cases/Main Test Cases/TC1_Verify Successful Login" classname="Test Cases/Main Test Cases/TC1_Verify Successful Login" status="PASSED">
         <system-out><![CDATA[2018-03-09 09:03:30 - [TEST_CASE][PASSED] - Test Cases/Main Test Cases/TC1_Verify Successful Login: Test Cases/Main Test Cases/TC1_Verify Successful Login

2018-03-09 09:03:30 - [TEST_STEP][PASSED] - comment: Story: Login to CURA system

2018-03-09 09:03:30 - [TEST_STEP][PASSED] - comment: Given that the user has the valid login information

2018-03-09 09:03:30 - [TEST_STEP][PASSED] - openBrowser: Browser is opened with url: 'http://demoaut.katalon.com'

2018-03-09 09:03:35 - [MESSAGE][PASSED] - Browser is opened with url: 'http://demoaut.katalon.com'

2018-03-09 09:03:35 - [TEST_STEP][PASSED] - click: Object: 'Object Repository/Page_CuraHomepage/btn_MakeAppointment' is clicked on

2018-03-09 09:03:35 - [MESSAGE][PASSED] - Object: 'Object Repository/Page_CuraHomepage/btn_MakeAppointment' is clicked on

2018-03-09 09:03:35 - [TEST_STEP][PASSED] - setText: Text 'John Doe' is set on object 'Object Repository/Page_Login/txt_UserName'

2018-03-09 09:03:35 - [MESSAGE][PASSED] - Text 'John Doe' is set on object 'Object Repository/Page_Login/txt_UserName'

2018-03-09 09:03:35 - [TEST_STEP][PASSED] - setText: Text 'ThisIsNotAPassword' is set on object 'Object Repository/Page_Login/txt_Password'

2018-03-09 09:03:36 - [MESSAGE][PASSED] - Text 'ThisIsNotAPassword' is set on object 'Object Repository/Page_Login/txt_Password'

2018-03-09 09:03:36 - [TEST_STEP][PASSED] - comment: When he logins to CURA system

2018-03-09 09:03:36 - [TEST_STEP][PASSED] - click: Object: 'Object Repository/Page_Login/btn_Login' is clicked on

2018-03-09 09:03:36 - [MESSAGE][PASSED] - Object: 'Object Repository/Page_Login/btn_Login' is clicked on

2018-03-09 09:03:36 - [TEST_STEP][PASSED] - comment: Then he should be able to login successfully

2018-03-09 09:03:36 - [TEST_STEP][PASSED] - Statement - landingPage = com.kms.katalon.core.webui.keyword.WebUiBuiltInKeywords.verifyElementPresent(com.kms.katalon.core.testobject.ObjectRepository.findTestObject(Page_CuraAppointment/div_Appointment), G_Timeout): Object 'Object Repository/Page_CuraAppointment/div_Appointment' is present

2018-03-09 09:03:36 - [MESSAGE][PASSED] - Object 'Object Repository/Page_CuraAppointment/div_Appointment' is present

2018-03-09 09:03:36 - [TEST_STEP][PASSED] - closeBrowser: Browser is closed

2018-03-09 09:03:37 - [MESSAGE][PASSED] - Browser is closed]]></system-out>
         <system-err><![CDATA[]]></system-err>
      </testcase>
      <testcase name="Test Cases/Main Test Cases/TC2_Verify Successful Appointment" classname="Test Cases/Main Test Cases/TC2_Verify Successful Appointment" status="FAILED">
         <failure type="FAILED" message="Unable to verify text 'Appointment Confirmation' is present  (Root cause: Text 'Appointment Confirmation' is not present on page )"/>
         <system-out><![CDATA[2018-03-09 09:03:37 - [TEST_CASE][FAILED] - Test Cases/Main Test Cases/TC2_Verify Successful Appointment: Test Cases/Main Test Cases/TC2_Verify Successful Appointment FAILED because (of) Unable to verify text 'Appointment Confirmation' is present  (Root cause: Text 'Appointment Confirmation' is not present on page )

2018-03-09 09:03:37 - [TEST_STEP][PASSED] - comment: Story: Book an appointment

2018-03-09 09:03:37 - [TEST_STEP][PASSED] - comment: Given that the user has logged into their account

2018-03-09 09:03:37 - [TEST_STEP][PASSED] - openBrowser: Browser is opened with url: 'http://demoaut.katalon.com'

2018-03-09 09:03:40 - [MESSAGE][PASSED] - Browser is opened with url: 'http://demoaut.katalon.com'

2018-03-09 09:03:40 - [TEST_STEP][PASSED] - callTestCase: Call Test Case 'Test Cases/Common Test Cases/Login' successfully

2018-03-09 09:03:40 - [TEST_CASE][PASSED] - Test Cases/Common Test Cases/Login: Test Cases/Common Test Cases/Login

2018-03-09 09:03:40 - [TEST_STEP][PASSED] - click: Object: 'Object Repository/Page_CuraHomepage/btn_MakeAppointment' is clicked on

2018-03-09 09:03:40 - [MESSAGE][PASSED] - Object: 'Object Repository/Page_CuraHomepage/btn_MakeAppointment' is clicked on

2018-03-09 09:03:40 - [TEST_STEP][PASSED] - setText: Text 'John Doe' is set on object 'Object Repository/Page_Login/txt_UserName'

2018-03-09 09:03:40 - [MESSAGE][PASSED] - Text 'John Doe' is set on object 'Object Repository/Page_Login/txt_UserName'

2018-03-09 09:03:40 - [TEST_STEP][PASSED] - setText: Text 'ThisIsNotAPassword' is set on object 'Object Repository/Page_Login/txt_Password'

2018-03-09 09:03:40 - [MESSAGE][PASSED] - Text 'ThisIsNotAPassword' is set on object 'Object Repository/Page_Login/txt_Password'

2018-03-09 09:03:40 - [TEST_STEP][PASSED] - click: Object: 'Object Repository/Page_Login/btn_Login' is clicked on

2018-03-09 09:03:41 - [MESSAGE][PASSED] - Object: 'Object Repository/Page_Login/btn_Login' is clicked on

2018-03-09 09:03:41 - [TEST_STEP][PASSED] - Statement - landingPage = com.kms.katalon.core.webui.keyword.WebUiBuiltInKeywords.verifyElementPresent(com.kms.katalon.core.testobject.ObjectRepository.findTestObject(Page_CuraAppointment/div_Appointment), G_Timeout): Object 'Object Repository/Page_CuraAppointment/div_Appointment' is present

2018-03-09 09:03:41 - [MESSAGE][PASSED] - Object 'Object Repository/Page_CuraAppointment/div_Appointment' is present

2018-03-09 09:03:41 - [MESSAGE][PASSED] - Call Test Case 'Test Cases/Common Test Cases/Login' successfully

2018-03-09 09:03:41 - [TEST_STEP][PASSED] - comment: And Appointment page is displayed

2018-03-09 09:03:41 - [TEST_STEP][PASSED] - Statement - If (true): Text 'Please make appointment as soon as possible.' is set on object 'Object Repository/Page_CuraAppointment/txt_Comment'

2018-03-09 09:03:41 - [TEST_STEP][PASSED] - selectOptionByLabel: All options with label 'Hongkong CURA Healthcare Center' are selected in object 'Object Repository/Page_CuraAppointment/lst_Facility' 

2018-03-09 09:03:41 - [MESSAGE][PASSED] - All options with label 'Hongkong CURA Healthcare Center' are selected in object 'Object Repository/Page_CuraAppointment/lst_Facility' 

2018-03-09 09:03:41 - [TEST_STEP][PASSED] - check: Object 'Object Repository/Page_CuraAppointment/chk_Medicaid' is checked

2018-03-09 09:03:41 - [MESSAGE][PASSED] - Object 'Object Repository/Page_CuraAppointment/chk_Medicaid' is checked

2018-03-09 09:03:41 - [TEST_STEP][PASSED] - check: Object 'Object Repository/Page_CuraAppointment/chk_Readmission' is checked

2018-03-09 09:03:41 - [MESSAGE][PASSED] - Object 'Object Repository/Page_CuraAppointment/chk_Readmission' is checked

2018-03-09 09:03:41 - [TEST_STEP][PASSED] - setText: Text '27/12/2016' is set on object 'Object Repository/Page_CuraAppointment/txt_VisitDate'

2018-03-09 09:03:41 - [MESSAGE][PASSED] - Text '27/12/2016' is set on object 'Object Repository/Page_CuraAppointment/txt_VisitDate'

2018-03-09 09:03:41 - [TEST_STEP][PASSED] - setText: Text 'Please make appointment as soon as possible.' is set on object 'Object Repository/Page_CuraAppointment/txt_Comment'

2018-03-09 09:03:42 - [MESSAGE][PASSED] - Text 'Please make appointment as soon as possible.' is set on object 'Object Repository/Page_CuraAppointment/txt_Comment'

2018-03-09 09:03:42 - [TEST_STEP][PASSED] - comment: When he fills in valid information in Appointment page

2018-03-09 09:03:42 - [TEST_STEP][NOT_RUN] - click: NOT_RUN: click

2018-03-09 09:03:42 - [MESSAGE][NOT_RUN] - NOT_RUN: click

2018-03-09 09:03:42 - [TEST_STEP][FAILED] - verifyTextPresent: Unable to verify text 'Appointment Confirmation' is present  (Root cause: Text 'Appointment Confirmation' is not present on page )

2018-03-09 09:03:42 - [MESSAGE][FAILED] - Text 'Appointment Confirmation' is not present on page 

2018-03-09 09:03:42 - [MESSAGE][FAILED] - Unable to verify text 'Appointment Confirmation' is present  (Root cause: Text 'Appointment Confirmation' is not present on page )
[[ATTACHMENT|C:\\Users\\mslin\\Katalon Studio\\sampleWeb\\Reports\\TS_RegressionTest\\20180309_090328\\1520582622191.png]]]]></system-out>
         <system-err><![CDATA[2018-03-09 09:03:37 - [TEST_CASE][FAILED] - Test Cases/Main Test Cases/TC2_Verify Successful Appointment: Test Cases/Main Test Cases/TC2_Verify Successful Appointment FAILED because (of) Unable to verify text 'Appointment Confirmation' is present  (Root cause: Text 'Appointment Confirmation' is not present on page )]]></system-err>
      </testcase>
      <system-out><![CDATA[2018-03-09 09:03:30 - [TEST_SUITE][FAILED] - TS_RegressionTest: Test Cases/Main Test Cases/TC2_Verify Successful Appointment FAILED because (of) Unable to verify text 'Appointment Confirmation' is present  (Root cause: Text 'Appointment Confirmation' is not present on page )]]></system-out>
      <system-err><![CDATA[2018-03-09 09:03:30 - [TEST_SUITE][FAILED] - TS_RegressionTest: Test Cases/Main Test Cases/TC2_Verify Successful Appointment FAILED because (of) Unable to verify text 'Appointment Confirmation' is present  (Root cause: Text 'Appointment Confirmation' is not present on page )]]></system-err>
   </testsuite>
</testsuites>
